<?xml version="1.0" encoding="UTF-8"?>
<robot generator="Robot 4.0.2 (Python 3.7.9 on win32)" generated="20211214 12:03:14.393" rpa="false" schemaversion="2">
<suite id="s1" name="Countries API" source="C:\Users\nghani\Documents\GitHub\GraphQL-API-Countries\countries\Tests\Countries_API.robot">
<kw name="SuiteSetup API" type="SETUP">
<kw name="SuiteSetup" library="Common_API_Keywords">
<doc>common initialization for UI and API test suites</doc>
<kw name="Log" library="BuiltIn">
<arg>Open DB connection</arg>
<doc>Logs the given message with the given level.</doc>
<msg timestamp="20211214 12:03:14.954" level="INFO">Open DB connection</msg>
<status status="PASS" starttime="20211214 12:03:14.954" endtime="20211214 12:03:14.954"/>
</kw>
<status status="PASS" starttime="20211214 12:03:14.953" endtime="20211214 12:03:14.954"/>
</kw>
<status status="PASS" starttime="20211214 12:03:14.953" endtime="20211214 12:03:14.954"/>
</kw>
<test id="s1-t1" name="Validate The Countries API - success reponse">
<kw name="TestCaseSetup" library="Common_API_Keywords" type="SETUP">
<doc>common initialization for UI and API test cases</doc>
<kw name="Get Time" library="BuiltIn">
<var>${TESTCASE_EPOCH_STARTTIME}</var>
<arg>epoch</arg>
<doc>Returns the given time in the requested format.</doc>
<msg timestamp="20211214 12:03:14.956" level="INFO">${TESTCASE_EPOCH_STARTTIME} = 1639501394</msg>
<status status="PASS" starttime="20211214 12:03:14.955" endtime="20211214 12:03:14.956"/>
</kw>
<status status="PASS" starttime="20211214 12:03:14.955" endtime="20211214 12:03:14.956"/>
</kw>
<kw name="Log" library="BuiltIn">
<arg>Verify the api success response</arg>
<doc>Logs the given message with the given level.</doc>
<msg timestamp="20211214 12:03:14.956" level="INFO">Verify the api success response</msg>
<status status="PASS" starttime="20211214 12:03:14.956" endtime="20211214 12:03:14.956"/>
</kw>
<kw name="Verify The Countries API - success reponse" library="Countries">
<kw name="Log" library="BuiltIn">
<arg>Send the post request with the valid query</arg>
<doc>Logs the given message with the given level.</doc>
<msg timestamp="20211214 12:03:14.957" level="INFO">Send the post request with the valid query</msg>
<status status="PASS" starttime="20211214 12:03:14.957" endtime="20211214 12:03:14.957"/>
</kw>
<kw name="Post Response" library="Common_API_Keywords">
<var>${response}</var>
<arg>${COUNTRIES_API_URL}</arg>
<doc>Returns the response of the post Request</doc>
<kw name="Create Dictionary" library="BuiltIn">
<var>${headers}</var>
<arg>Content-Type=application/json</arg>
<doc>Creates and returns a dictionary based on the given ``items``.</doc>
<msg timestamp="20211214 12:03:14.958" level="INFO">${headers} = {'Content-Type': 'application/json'}</msg>
<status status="PASS" starttime="20211214 12:03:14.957" endtime="20211214 12:03:14.959"/>
</kw>
<kw name="Create Dictionary" library="BuiltIn">
<var>${body}</var>
<arg>query= query {countries {name}country(code:"US") {name, native, capital, emoji, currency, languages {code, name}states{name, code}}}</arg>
<doc>Creates and returns a dictionary based on the given ``items``.</doc>
<msg timestamp="20211214 12:03:14.959" level="INFO">${body} = {'query': ' query {countries {name}country(code:"US") {name, native, capital, emoji, currency, languages {code, name}states{name, code}}}'}</msg>
<status status="PASS" starttime="20211214 12:03:14.959" endtime="20211214 12:03:14.959"/>
</kw>
<kw name="Create Session" library="RequestsLibrary">
<arg>mysession</arg>
<arg>${url}</arg>
<arg>${headers}</arg>
<arg>timeout=100</arg>
<arg>verify=true</arg>
<doc>Create Session: create a HTTP session to a server</doc>
<msg timestamp="20211214 12:03:14.959" level="INFO">Creating Session using : alias=mysession, url=https://countries.trevorblades.com/, headers={'Content-Type': 'application/json'},                     cookies={}, auth=None, timeout=100, proxies=None, verify=True,                     debug=0 </msg>
<status status="PASS" starttime="20211214 12:03:14.959" endtime="20211214 12:03:14.960"/>
</kw>
<kw name="Post On Session" library="RequestsLibrary">
<var>${response}</var>
<arg>mysession</arg>
<arg>${url}</arg>
<arg>json=${body}</arg>
<arg>expected_status=200</arg>
<doc>Sends a POST request on a previously created HTTP Session.</doc>
<msg timestamp="20211214 12:03:15.129" level="INFO">POST Request : url=https://countries.trevorblades.com/ 
 path_url=/ 
 headers={'User-Agent': 'python-requests/2.25.1', 'Accept-Encoding': 'gzip, deflate', 'Accept': '*/*', 'Connection': 'keep-alive', 'Content-Type': 'application/json', 'Content-Length': '141'} 
 body=b'{"query": " query {countries {name}country(code:\\"US\\") {name, native, capital, emoji, currency, languages {code, name}states{name, code}}}"}' 
 </msg>
<msg timestamp="20211214 12:03:15.129" level="INFO">POST Response : url=https://countries.trevorblades.com/ 
 status=200, reason=OK 
 headers={'access-control-allow-origin': '*', 'content-type': 'application/json; charset=utf-8', 'content-encoding': 'gzip', 'etag': 'W/"1d9a-VTOjSoUjQA+edOT/FcKY9dRJYek"', 'date': 'Tue, 14 Dec 2021 17:03:15 GMT', 'connection': 'keep-alive', 'keep-alive': 'timeout=5', 'transfer-encoding': 'chunked', 'server': 'Fly/fb1a8b2 (2021-11-25)', 'via': '1.1 fly.io', 'fly-request-id': '01FPWYBX5DJ1XH3K1Z0RMQQ2K2'} 
 body={"data":{"countries":[{"name":"Andorra"},{"name":"United Arab Emirates"},{"name":"Afghanistan"},{"name":"Antigua and Barbuda"},{"name":"Anguilla"},{"name":"Albania"},{"name":"Armenia"},{"name":"Angola"},{"name":"Antarctica"},{"name":"Argentina"},{"name":"American Samoa"},{"name":"Austria"},{"name":"Australia"},{"name":"Aruba"},{"name":"Åland"},{"name":"Azerbaijan"},{"name":"Bosnia and Herzegovina"},{"name":"Barbados"},{"name":"Bangladesh"},{"name":"Belgium"},{"name":"Burkina Faso"},{"name":"Bulgaria"},{"name":"Bahrain"},{"name":"Burundi"},{"name":"Benin"},{"name":"Saint Barthélemy"},{"name":"Bermuda"},{"name":"Brunei"},{"name":"Bolivia"},{"name":"Bonaire"},{"name":"Brazil"},{"name":"Bahamas"},{"name":"Bhutan"},{"name":"Bouvet Island"},{"name":"Botswana"},{"name":"Belarus"},{"name":"Belize"},{"name":"Canada"},{"name":"Cocos [Keeling] Islands"},{"name":"Democratic Republic of the Congo"},{"name":"Central African Republic"},{"name":"Republic of the Congo"},{"name":"Switzerland"},{"name":"Ivory Coast"},{"name":"Cook Islands"},{"name":"Chile"},{"name":"Cameroon"},{"name":"China"},{"name":"Colombia"},{"name":"Costa Rica"},{"name":"Cuba"},{"name":"Cape Verde"},{"name":"Curacao"},{"name":"Christmas Island"},{"name":"Cyprus"},{"name":"Czech Republic"},{"name":"Germany"},{"name":"Djibouti"},{"name":"Denmark"},{"name":"Dominica"},{"name":"Dominican Republic"},{"name":"Algeria"},{"name":"Ecuador"},{"name":"Estonia"},{"name":"Egypt"},{"name":"Western Sahara"},{"name":"Eritrea"},{"name":"Spain"},{"name":"Ethiopia"},{"name":"Finland"},{"name":"Fiji"},{"name":"Falkland Islands"},{"name":"Micronesia"},{"name":"Faroe Islands"},{"name":"France"},{"name":"Gabon"},{"name":"United Kingdom"},{"name":"Grenada"},{"name":"Georgia"},{"name":"French Guiana"},{"name":"Guernsey"},{"name":"Ghana"},{"name":"Gibraltar"},{"name":"Greenland"},{"name":"Gambia"},{"name":"Guinea"},{"name":"Guadeloupe"},{"name":"Equatorial Guinea"},{"name":"Greece"},{"name":"South Georgia and the South Sandwich Islands"},{"name":"Guatemala"},{"name":"Guam"},{"name":"Guinea-Bissau"},{"name":"Guyana"},{"name":"Hong Kong"},{"name":"Heard Island and McDonald Islands"},{"name":"Honduras"},{"name":"Croatia"},{"name":"Haiti"},{"name":"Hungary"},{"name":"Indonesia"},{"name":"Ireland"},{"name":"Israel"},{"name":"Isle of Man"},{"name":"India"},{"name":"British Indian Ocean Territory"},{"name":"Iraq"},{"name":"Iran"},{"name":"Iceland"},{"name":"Italy"},{"name":"Jersey"},{"name":"Jamaica"},{"name":"Jordan"},{"name":"Japan"},{"name":"Kenya"},{"name":"Kyrgyzstan"},{"name":"Cambodia"},{"name":"Kiribati"},{"name":"Comoros"},{"name":"Saint Kitts and Nevis"},{"name":"North Korea"},{"name":"South Korea"},{"name":"Kuwait"},{"name":"Cayman Islands"},{"name":"Kazakhstan"},{"name":"Laos"},{"name":"Lebanon"},{"name":"Saint Lucia"},{"name":"Liechtenstein"},{"name":"Sri Lanka"},{"name":"Liberia"},{"name":"Lesotho"},{"name":"Lithuania"},{"name":"Luxembourg"},{"name":"Latvia"},{"name":"Libya"},{"name":"Morocco"},{"name":"Monaco"},{"name":"Moldova"},{"name":"Montenegro"},{"name":"Saint Martin"},{"name":"Madagascar"},{"name":"Marshall Islands"},{"name":"North Macedonia"},{"name":"Mali"},{"name":"Myanmar [Burma]"},{"name":"Mongolia"},{"name":"Macao"},{"name":"Northern Mariana Islands"},{"name":"Martinique"},{"name":"Mauritania"},{"name":"Montserrat"},{"name":"Malta"},{"name":"Mauritius"},{"name":"Maldives"},{"name":"Malawi"},{"name":"Mexico"},{"name":"Malaysia"},{"name":"Mozambique"},{"name":"Namibia"},{"name":"New Caledonia"},{"name":"Niger"},{"name":"Norfolk Island"},{"name":"Nigeria"},{"name":"Nicaragua"},{"name":"Netherlands"},{"name":"Norway"},{"name":"Nepal"},{"name":"Nauru"},{"name":"Niue"},{"name":"New Zealand"},{"name":"Oman"},{"name":"Panama"},{"name":"Peru"},{"name":"French Polynesia"},{"name":"Papua New Guinea"},{"name":"Philippines"},{"name":"Pakistan"},{"name":"Poland"},{"name":"Saint Pierre and Miquelon"},{"name":"Pitcairn Islands"},{"name":"Puerto Rico"},{"name":"Palestine"},{"name":"Portugal"},{"name":"Palau"},{"name":"Paraguay"},{"name":"Qatar"},{"name":"Réunion"},{"name":"Romania"},{"name":"Serbia"},{"name":"Russia"},{"name":"Rwanda"},{"name":"Saudi Arabia"},{"name":"Solomon Islands"},{"name":"Seychelles"},{"name":"Sudan"},{"name":"Sweden"},{"name":"Singapore"},{"name":"Saint Helena"},{"name":"Slovenia"},{"name":"Svalbard and Jan Mayen"},{"name":"Slovakia"},{"name":"Sierra Leone"},{"name":"San Marino"},{"name":"Senegal"},{"name":"Somalia"},{"name":"Suriname"},{"name":"South Sudan"},{"name":"São Tomé and Príncipe"},{"name":"El Salvador"},{"name":"Sint Maarten"},{"name":"Syria"},{"name":"Swaziland"},{"name":"Turks and Caicos Islands"},{"name":"Chad"},{"name":"French Southern Territories"},{"name":"Togo"},{"name":"Thailand"},{"name":"Tajikistan"},{"name":"Tokelau"},{"name":"East Timor"},{"name":"Turkmenistan"},{"name":"Tunisia"},{"name":"Tonga"},{"name":"Turkey"},{"name":"Trinidad and Tobago"},{"name":"Tuvalu"},{"name":"Taiwan"},{"name":"Tanzania"},{"name":"Ukraine"},{"name":"Uganda"},{"name":"U.S. Minor Outlying Islands"},{"name":"United States"},{"name":"Uruguay"},{"name":"Uzbekistan"},{"name":"Vatican City"},{"name":"Saint Vincent and the Grenadines"},{"name":"Venezuela"},{"name":"British Virgin Islands"},{"name":"U.S. Virgin Islands"},{"name":"Vietnam"},{"name":"Vanuatu"},{"name":"Wallis and Futuna"},{"name":"Samoa"},{"name":"Kosovo"},{"name":"Yemen"},{"name":"Mayotte"},{"name":"South Africa"},{"name":"Zambia"},{"name":"Zimbabwe"}],"country":{"name":"United States","native":"United States","capital":"Washington D.C.","emoji":"🇺🇸","currency":"USD,USN,USS","languages":[{"code":"en","name":"English"}],"states":[{"name":"Alabama","code":"AL"},{"name":"Alaska","code":"AK"},{"name":"Arizona","code":"AZ"},{"name":"Arkansas","code":"AR"},{"name":"California","code":"CA"},{"name":"Colorado","code":"CO"},{"name":"Connecticut","code":"CT"},{"name":"District of Columbia","code":"DC"},{"name":"Delaware","code":"DE"},{"name":"Florida","code":"FL"},{"name":"Georgia","code":"GA"},{"name":"Hawaii","code":"HI"},{"name":"Idaho","code":"ID"},{"name":"Illinois","code":"IL"},{"name":"Indiana","code":"IN"},{"name":"Iowa","code":"IA"},{"name":"Kansas","code":"KS"},{"name":"Kentucky","code":"KY"},{"name":"Louisiana","code":"LA"},{"name":"Maine","code":"ME"},{"name":"Maryland","code":"MD"},{"name":"Massachusetts","code":"MA"},{"name":"Michigan","code":"MI"},{"name":"Minnesota","code":"MN"},{"name":"Mississippi","code":"MS"},{"name":"Missouri","code":"MO"},{"name":"Montana","code":"MT"},{"name":"Nebraska","code":"NE"},{"name":"Nevada","code":"NV"},{"name":"New Hampshire","code":"NH"},{"name":"New Jersey","code":"NJ"},{"name":"New Mexico","code":"NM"},{"name":"New York","code":"NY"},{"name":"North Carolina","code":"NC"},{"name":"North Dakota","code":"ND"},{"name":"Ohio","code":"OH"},{"name":"Oklahoma","code":"OK"},{"name":"Oregon","code":"OR"},{"name":"Pennsylvania","code":"PA"},{"name":"Rhode Island","code":"RI"},{"name":"South Carolina","code":"SC"},{"name":"South Dakota","code":"SD"},{"name":"Tennessee","code":"TN"},{"name":"Texas","code":"TX"},{"name":"Utah","code":"UT"},{"name":"Vermont","code":"VT"},{"name":"Virginia","code":"VA"},{"name":"Washington","code":"WA"},{"name":"West Virginia","code":"WV"},{"name":"Wisconsin","code":"WI"},{"name":"Wyoming","code":"WY"},{"name":"American Samoa","code":"AS"},{"name":"Guam","code":"GU"},{"name":"Northern Mariana Islands","code":"MP"},{"name":"Puerto Rico","code":"PR"},{"name":"United States Minor Outlying Islands","code":"UM"},{"name":"Virgin Islands","code":"VI"}]}}}
 
 </msg>
<msg timestamp="20211214 12:03:15.129" level="INFO">${response} = &lt;Response [200]&gt;</msg>
<status status="PASS" starttime="20211214 12:03:14.960" endtime="20211214 12:03:15.130"/>
</kw>
<kw name="Log" library="BuiltIn">
<arg>RESPONSE: ${response}</arg>
<arg>console=true</arg>
<doc>Logs the given message with the given level.</doc>
<msg timestamp="20211214 12:03:15.130" level="INFO">RESPONSE: &lt;Response [200]&gt;</msg>
<status status="PASS" starttime="20211214 12:03:15.130" endtime="20211214 12:03:15.130"/>
</kw>
<kw name="Log" library="BuiltIn">
<arg>JSON:${response.json()}</arg>
<arg>console=true</arg>
<doc>Logs the given message with the given level.</doc>
<msg timestamp="20211214 12:03:15.131" level="INFO">JSON:{'data': {'countries': [{'name': 'Andorra'}, {'name': 'United Arab Emirates'}, {'name': 'Afghanistan'}, {'name': 'Antigua and Barbuda'}, {'name': 'Anguilla'}, {'name': 'Albania'}, {'name': 'Armenia'}, {'name': 'Angola'}, {'name': 'Antarctica'}, {'name': 'Argentina'}, {'name': 'American Samoa'}, {'name': 'Austria'}, {'name': 'Australia'}, {'name': 'Aruba'}, {'name': 'Åland'}, {'name': 'Azerbaijan'}, {'name': 'Bosnia and Herzegovina'}, {'name': 'Barbados'}, {'name': 'Bangladesh'}, {'name': 'Belgium'}, {'name': 'Burkina Faso'}, {'name': 'Bulgaria'}, {'name': 'Bahrain'}, {'name': 'Burundi'}, {'name': 'Benin'}, {'name': 'Saint Barthélemy'}, {'name': 'Bermuda'}, {'name': 'Brunei'}, {'name': 'Bolivia'}, {'name': 'Bonaire'}, {'name': 'Brazil'}, {'name': 'Bahamas'}, {'name': 'Bhutan'}, {'name': 'Bouvet Island'}, {'name': 'Botswana'}, {'name': 'Belarus'}, {'name': 'Belize'}, {'name': 'Canada'}, {'name': 'Cocos [Keeling] Islands'}, {'name': 'Democratic Republic of the Congo'}, {'name': 'Central African Republic'}, {'name': 'Republic of the Congo'}, {'name': 'Switzerland'}, {'name': 'Ivory Coast'}, {'name': 'Cook Islands'}, {'name': 'Chile'}, {'name': 'Cameroon'}, {'name': 'China'}, {'name': 'Colombia'}, {'name': 'Costa Rica'}, {'name': 'Cuba'}, {'name': 'Cape Verde'}, {'name': 'Curacao'}, {'name': 'Christmas Island'}, {'name': 'Cyprus'}, {'name': 'Czech Republic'}, {'name': 'Germany'}, {'name': 'Djibouti'}, {'name': 'Denmark'}, {'name': 'Dominica'}, {'name': 'Dominican Republic'}, {'name': 'Algeria'}, {'name': 'Ecuador'}, {'name': 'Estonia'}, {'name': 'Egypt'}, {'name': 'Western Sahara'}, {'name': 'Eritrea'}, {'name': 'Spain'}, {'name': 'Ethiopia'}, {'name': 'Finland'}, {'name': 'Fiji'}, {'name': 'Falkland Islands'}, {'name': 'Micronesia'}, {'name': 'Faroe Islands'}, {'name': 'France'}, {'name': 'Gabon'}, {'name': 'United Kingdom'}, {'name': 'Grenada'}, {'name': 'Georgia'}, {'name': 'French Guiana'}, {'name': 'Guernsey'}, {'name': 'Ghana'}, {'name': 'Gibraltar'}, {'name': 'Greenland'}, {'name': 'Gambia'}, {'name': 'Guinea'}, {'name': 'Guadeloupe'}, {'name': 'Equatorial Guinea'}, {'name': 'Greece'}, {'name': 'South Georgia and the South Sandwich Islands'}, {'name': 'Guatemala'}, {'name': 'Guam'}, {'name': 'Guinea-Bissau'}, {'name': 'Guyana'}, {'name': 'Hong Kong'}, {'name': 'Heard Island and McDonald Islands'}, {'name': 'Honduras'}, {'name': 'Croatia'}, {'name': 'Haiti'}, {'name': 'Hungary'}, {'name': 'Indonesia'}, {'name': 'Ireland'}, {'name': 'Israel'}, {'name': 'Isle of Man'}, {'name': 'India'}, {'name': 'British Indian Ocean Territory'}, {'name': 'Iraq'}, {'name': 'Iran'}, {'name': 'Iceland'}, {'name': 'Italy'}, {'name': 'Jersey'}, {'name': 'Jamaica'}, {'name': 'Jordan'}, {'name': 'Japan'}, {'name': 'Kenya'}, {'name': 'Kyrgyzstan'}, {'name': 'Cambodia'}, {'name': 'Kiribati'}, {'name': 'Comoros'}, {'name': 'Saint Kitts and Nevis'}, {'name': 'North Korea'}, {'name': 'South Korea'}, {'name': 'Kuwait'}, {'name': 'Cayman Islands'}, {'name': 'Kazakhstan'}, {'name': 'Laos'}, {'name': 'Lebanon'}, {'name': 'Saint Lucia'}, {'name': 'Liechtenstein'}, {'name': 'Sri Lanka'}, {'name': 'Liberia'}, {'name': 'Lesotho'}, {'name': 'Lithuania'}, {'name': 'Luxembourg'}, {'name': 'Latvia'}, {'name': 'Libya'}, {'name': 'Morocco'}, {'name': 'Monaco'}, {'name': 'Moldova'}, {'name': 'Montenegro'}, {'name': 'Saint Martin'}, {'name': 'Madagascar'}, {'name': 'Marshall Islands'}, {'name': 'North Macedonia'}, {'name': 'Mali'}, {'name': 'Myanmar [Burma]'}, {'name': 'Mongolia'}, {'name': 'Macao'}, {'name': 'Northern Mariana Islands'}, {'name': 'Martinique'}, {'name': 'Mauritania'}, {'name': 'Montserrat'}, {'name': 'Malta'}, {'name': 'Mauritius'}, {'name': 'Maldives'}, {'name': 'Malawi'}, {'name': 'Mexico'}, {'name': 'Malaysia'}, {'name': 'Mozambique'}, {'name': 'Namibia'}, {'name': 'New Caledonia'}, {'name': 'Niger'}, {'name': 'Norfolk Island'}, {'name': 'Nigeria'}, {'name': 'Nicaragua'}, {'name': 'Netherlands'}, {'name': 'Norway'}, {'name': 'Nepal'}, {'name': 'Nauru'}, {'name': 'Niue'}, {'name': 'New Zealand'}, {'name': 'Oman'}, {'name': 'Panama'}, {'name': 'Peru'}, {'name': 'French Polynesia'}, {'name': 'Papua New Guinea'}, {'name': 'Philippines'}, {'name': 'Pakistan'}, {'name': 'Poland'}, {'name': 'Saint Pierre and Miquelon'}, {'name': 'Pitcairn Islands'}, {'name': 'Puerto Rico'}, {'name': 'Palestine'}, {'name': 'Portugal'}, {'name': 'Palau'}, {'name': 'Paraguay'}, {'name': 'Qatar'}, {'name': 'Réunion'}, {'name': 'Romania'}, {'name': 'Serbia'}, {'name': 'Russia'}, {'name': 'Rwanda'}, {'name': 'Saudi Arabia'}, {'name': 'Solomon Islands'}, {'name': 'Seychelles'}, {'name': 'Sudan'}, {'name': 'Sweden'}, {'name': 'Singapore'}, {'name': 'Saint Helena'}, {'name': 'Slovenia'}, {'name': 'Svalbard and Jan Mayen'}, {'name': 'Slovakia'}, {'name': 'Sierra Leone'}, {'name': 'San Marino'}, {'name': 'Senegal'}, {'name': 'Somalia'}, {'name': 'Suriname'}, {'name': 'South Sudan'}, {'name': 'São Tomé and Príncipe'}, {'name': 'El Salvador'}, {'name': 'Sint Maarten'}, {'name': 'Syria'}, {'name': 'Swaziland'}, {'name': 'Turks and Caicos Islands'}, {'name': 'Chad'}, {'name': 'French Southern Territories'}, {'name': 'Togo'}, {'name': 'Thailand'}, {'name': 'Tajikistan'}, {'name': 'Tokelau'}, {'name': 'East Timor'}, {'name': 'Turkmenistan'}, {'name': 'Tunisia'}, {'name': 'Tonga'}, {'name': 'Turkey'}, {'name': 'Trinidad and Tobago'}, {'name': 'Tuvalu'}, {'name': 'Taiwan'}, {'name': 'Tanzania'}, {'name': 'Ukraine'}, {'name': 'Uganda'}, {'name': 'U.S. Minor Outlying Islands'}, {'name': 'United States'}, {'name': 'Uruguay'}, {'name': 'Uzbekistan'}, {'name': 'Vatican City'}, {'name': 'Saint Vincent and the Grenadines'}, {'name': 'Venezuela'}, {'name': 'British Virgin Islands'}, {'name': 'U.S. Virgin Islands'}, {'name': 'Vietnam'}, {'name': 'Vanuatu'}, {'name': 'Wallis and Futuna'}, {'name': 'Samoa'}, {'name': 'Kosovo'}, {'name': 'Yemen'}, {'name': 'Mayotte'}, {'name': 'South Africa'}, {'name': 'Zambia'}, {'name': 'Zimbabwe'}], 'country': {'name': 'United States', 'native': 'United States', 'capital': 'Washington D.C.', 'emoji': '🇺🇸', 'currency': 'USD,USN,USS', 'languages': [{'code': 'en', 'name': 'English'}], 'states': [{'name': 'Alabama', 'code': 'AL'}, {'name': 'Alaska', 'code': 'AK'}, {'name': 'Arizona', 'code': 'AZ'}, {'name': 'Arkansas', 'code': 'AR'}, {'name': 'California', 'code': 'CA'}, {'name': 'Colorado', 'code': 'CO'}, {'name': 'Connecticut', 'code': 'CT'}, {'name': 'District of Columbia', 'code': 'DC'}, {'name': 'Delaware', 'code': 'DE'}, {'name': 'Florida', 'code': 'FL'}, {'name': 'Georgia', 'code': 'GA'}, {'name': 'Hawaii', 'code': 'HI'}, {'name': 'Idaho', 'code': 'ID'}, {'name': 'Illinois', 'code': 'IL'}, {'name': 'Indiana', 'code': 'IN'}, {'name': 'Iowa', 'code': 'IA'}, {'name': 'Kansas', 'code': 'KS'}, {'name': 'Kentucky', 'code': 'KY'}, {'name': 'Louisiana', 'code': 'LA'}, {'name': 'Maine', 'code': 'ME'}, {'name': 'Maryland', 'code': 'MD'}, {'name': 'Massachusetts', 'code': 'MA'}, {'name': 'Michigan', 'code': 'MI'}, {'name': 'Minnesota', 'code': 'MN'}, {'name': 'Mississippi', 'code': 'MS'}, {'name': 'Missouri', 'code': 'MO'}, {'name': 'Montana', 'code': 'MT'}, {'name': 'Nebraska', 'code': 'NE'}, {'name': 'Nevada', 'code': 'NV'}, {'name': 'New Hampshire', 'code': 'NH'}, {'name': 'New Jersey', 'code': 'NJ'}, {'name': 'New Mexico', 'code': 'NM'}, {'name': 'New York', 'code': 'NY'}, {'name': 'North Carolina', 'code': 'NC'}, {'name': 'North Dakota', 'code': 'ND'}, {'name': 'Ohio', 'code': 'OH'}, {'name': 'Oklahoma', 'code': 'OK'}, {'name': 'Oregon', 'code': 'OR'}, {'name': 'Pennsylvania', 'code': 'PA'}, {'name': 'Rhode Island', 'code': 'RI'}, {'name': 'South Carolina', 'code': 'SC'}, {'name': 'South Dakota', 'code': 'SD'}, {'name': 'Tennessee', 'code': 'TN'}, {'name': 'Texas', 'code': 'TX'}, {'name': 'Utah', 'code': 'UT'}, {'name': 'Vermont', 'code': 'VT'}, {'name': 'Virginia', 'code': 'VA'}, {'name': 'Washington', 'code': 'WA'}, {'name': 'West Virginia', 'code': 'WV'}, {'name': 'Wisconsin', 'code': 'WI'}, {'name': 'Wyoming', 'code': 'WY'}, {'name': 'American Samoa', 'code': 'AS'}, {'name': 'Guam', 'code': 'GU'}, {'name': 'Northern Mariana Islands', 'code': 'MP'}, {'name': 'Puerto Rico', 'code': 'PR'}, {'name': 'United States Minor Outlying Islands', 'code': 'UM'}, {'name': 'Virgin Islands', 'code': 'VI'}]}}}</msg>
<status status="PASS" starttime="20211214 12:03:15.130" endtime="20211214 12:03:15.135"/>
</kw>
<kw name="Delete All Sessions" library="RequestsLibrary">
<doc>Removes all the session objects</doc>
<msg timestamp="20211214 12:03:15.135" level="INFO">Deleting All Sessions</msg>
<status status="PASS" starttime="20211214 12:03:15.135" endtime="20211214 12:03:15.135"/>
</kw>
<msg timestamp="20211214 12:03:15.137" level="INFO">${response} = {'data': {'countries': [{'name': 'Andorra'}, {'name': 'United Arab Emirates'}, {'name': 'Afghanistan'}, {'name': 'Antigua and Barbuda'}, {'name': 'Anguilla'}, {'name': 'Albania'}, {'name': 'Armenia'},...</msg>
<status status="PASS" starttime="20211214 12:03:14.957" endtime="20211214 12:03:15.137"/>
</kw>
<kw name="Log" library="BuiltIn">
<arg>Validate the successful response</arg>
<doc>Logs the given message with the given level.</doc>
<msg timestamp="20211214 12:03:15.137" level="INFO">Validate the successful response</msg>
<status status="PASS" starttime="20211214 12:03:15.137" endtime="20211214 12:03:15.137"/>
</kw>
<kw name="Should Not Be Empty" library="BuiltIn">
<arg>${response['data']}</arg>
<doc>Verifies that the given item is not empty.</doc>
<msg timestamp="20211214 12:03:15.138" level="INFO">Length is 2</msg>
<status status="PASS" starttime="20211214 12:03:15.137" endtime="20211214 12:03:15.138"/>
</kw>
<kw name="Status Should Be" library="RequestsLibrary">
<arg>expected_status=200</arg>
<doc>Fails if response status code is different than the expected.</doc>
<status status="PASS" starttime="20211214 12:03:15.138" endtime="20211214 12:03:15.138"/>
</kw>
<status status="PASS" starttime="20211214 12:03:14.956" endtime="20211214 12:03:15.138"/>
</kw>
<tag>Countries</tag>
<status status="PASS" starttime="20211214 12:03:14.954" endtime="20211214 12:03:15.139"/>
</test>
<test id="s1-t2" name="Validate The Countries List">
<kw name="TestCaseSetup" library="Common_API_Keywords" type="SETUP">
<doc>common initialization for UI and API test cases</doc>
<kw name="Get Time" library="BuiltIn">
<var>${TESTCASE_EPOCH_STARTTIME}</var>
<arg>epoch</arg>
<doc>Returns the given time in the requested format.</doc>
<msg timestamp="20211214 12:03:15.140" level="INFO">${TESTCASE_EPOCH_STARTTIME} = 1639501395</msg>
<status status="PASS" starttime="20211214 12:03:15.140" endtime="20211214 12:03:15.140"/>
</kw>
<status status="PASS" starttime="20211214 12:03:15.140" endtime="20211214 12:03:15.140"/>
</kw>
<kw name="Log" library="BuiltIn">
<arg>Verifying the total number of countries resturned</arg>
<doc>Logs the given message with the given level.</doc>
<msg timestamp="20211214 12:03:15.141" level="INFO">Verifying the total number of countries resturned</msg>
<status status="PASS" starttime="20211214 12:03:15.140" endtime="20211214 12:03:15.141"/>
</kw>
<kw name="Verify The Countries List" library="Countries">
<kw name="Log" library="BuiltIn">
<arg>Send the post request with the valid query</arg>
<doc>Logs the given message with the given level.</doc>
<msg timestamp="20211214 12:03:15.141" level="INFO">Send the post request with the valid query</msg>
<status status="PASS" starttime="20211214 12:03:15.141" endtime="20211214 12:03:15.141"/>
</kw>
<kw name="Post Response" library="Common_API_Keywords">
<var>${response}</var>
<arg>${COUNTRIES_API_URL}</arg>
<doc>Returns the response of the post Request</doc>
<kw name="Create Dictionary" library="BuiltIn">
<var>${headers}</var>
<arg>Content-Type=application/json</arg>
<doc>Creates and returns a dictionary based on the given ``items``.</doc>
<msg timestamp="20211214 12:03:15.142" level="INFO">${headers} = {'Content-Type': 'application/json'}</msg>
<status status="PASS" starttime="20211214 12:03:15.142" endtime="20211214 12:03:15.142"/>
</kw>
<kw name="Create Dictionary" library="BuiltIn">
<var>${body}</var>
<arg>query= query {countries {name}country(code:"US") {name, native, capital, emoji, currency, languages {code, name}states{name, code}}}</arg>
<doc>Creates and returns a dictionary based on the given ``items``.</doc>
<msg timestamp="20211214 12:03:15.142" level="INFO">${body} = {'query': ' query {countries {name}country(code:"US") {name, native, capital, emoji, currency, languages {code, name}states{name, code}}}'}</msg>
<status status="PASS" starttime="20211214 12:03:15.142" endtime="20211214 12:03:15.142"/>
</kw>
<kw name="Create Session" library="RequestsLibrary">
<arg>mysession</arg>
<arg>${url}</arg>
<arg>${headers}</arg>
<arg>timeout=100</arg>
<arg>verify=true</arg>
<doc>Create Session: create a HTTP session to a server</doc>
<msg timestamp="20211214 12:03:15.143" level="INFO">Creating Session using : alias=mysession, url=https://countries.trevorblades.com/, headers={'Content-Type': 'application/json'},                     cookies={}, auth=None, timeout=100, proxies=None, verify=True,                     debug=0 </msg>
<status status="PASS" starttime="20211214 12:03:15.142" endtime="20211214 12:03:15.143"/>
</kw>
<kw name="Post On Session" library="RequestsLibrary">
<var>${response}</var>
<arg>mysession</arg>
<arg>${url}</arg>
<arg>json=${body}</arg>
<arg>expected_status=200</arg>
<doc>Sends a POST request on a previously created HTTP Session.</doc>
<msg timestamp="20211214 12:03:15.240" level="INFO">POST Request : url=https://countries.trevorblades.com/ 
 path_url=/ 
 headers={'User-Agent': 'python-requests/2.25.1', 'Accept-Encoding': 'gzip, deflate', 'Accept': '*/*', 'Connection': 'keep-alive', 'Content-Type': 'application/json', 'Content-Length': '141'} 
 body=b'{"query": " query {countries {name}country(code:\\"US\\") {name, native, capital, emoji, currency, languages {code, name}states{name, code}}}"}' 
 </msg>
<msg timestamp="20211214 12:03:15.240" level="INFO">POST Response : url=https://countries.trevorblades.com/ 
 status=200, reason=OK 
 headers={'access-control-allow-origin': '*', 'content-type': 'application/json; charset=utf-8', 'content-encoding': 'gzip', 'etag': 'W/"1d9a-VTOjSoUjQA+edOT/FcKY9dRJYek"', 'date': 'Tue, 14 Dec 2021 17:03:15 GMT', 'connection': 'keep-alive', 'keep-alive': 'timeout=5', 'transfer-encoding': 'chunked', 'server': 'Fly/fb1a8b2 (2021-11-25)', 'via': '1.1 fly.io', 'fly-request-id': '01FPWYBX8XX7XQRZFB3E06GFJS'} 
 body={"data":{"countries":[{"name":"Andorra"},{"name":"United Arab Emirates"},{"name":"Afghanistan"},{"name":"Antigua and Barbuda"},{"name":"Anguilla"},{"name":"Albania"},{"name":"Armenia"},{"name":"Angola"},{"name":"Antarctica"},{"name":"Argentina"},{"name":"American Samoa"},{"name":"Austria"},{"name":"Australia"},{"name":"Aruba"},{"name":"Åland"},{"name":"Azerbaijan"},{"name":"Bosnia and Herzegovina"},{"name":"Barbados"},{"name":"Bangladesh"},{"name":"Belgium"},{"name":"Burkina Faso"},{"name":"Bulgaria"},{"name":"Bahrain"},{"name":"Burundi"},{"name":"Benin"},{"name":"Saint Barthélemy"},{"name":"Bermuda"},{"name":"Brunei"},{"name":"Bolivia"},{"name":"Bonaire"},{"name":"Brazil"},{"name":"Bahamas"},{"name":"Bhutan"},{"name":"Bouvet Island"},{"name":"Botswana"},{"name":"Belarus"},{"name":"Belize"},{"name":"Canada"},{"name":"Cocos [Keeling] Islands"},{"name":"Democratic Republic of the Congo"},{"name":"Central African Republic"},{"name":"Republic of the Congo"},{"name":"Switzerland"},{"name":"Ivory Coast"},{"name":"Cook Islands"},{"name":"Chile"},{"name":"Cameroon"},{"name":"China"},{"name":"Colombia"},{"name":"Costa Rica"},{"name":"Cuba"},{"name":"Cape Verde"},{"name":"Curacao"},{"name":"Christmas Island"},{"name":"Cyprus"},{"name":"Czech Republic"},{"name":"Germany"},{"name":"Djibouti"},{"name":"Denmark"},{"name":"Dominica"},{"name":"Dominican Republic"},{"name":"Algeria"},{"name":"Ecuador"},{"name":"Estonia"},{"name":"Egypt"},{"name":"Western Sahara"},{"name":"Eritrea"},{"name":"Spain"},{"name":"Ethiopia"},{"name":"Finland"},{"name":"Fiji"},{"name":"Falkland Islands"},{"name":"Micronesia"},{"name":"Faroe Islands"},{"name":"France"},{"name":"Gabon"},{"name":"United Kingdom"},{"name":"Grenada"},{"name":"Georgia"},{"name":"French Guiana"},{"name":"Guernsey"},{"name":"Ghana"},{"name":"Gibraltar"},{"name":"Greenland"},{"name":"Gambia"},{"name":"Guinea"},{"name":"Guadeloupe"},{"name":"Equatorial Guinea"},{"name":"Greece"},{"name":"South Georgia and the South Sandwich Islands"},{"name":"Guatemala"},{"name":"Guam"},{"name":"Guinea-Bissau"},{"name":"Guyana"},{"name":"Hong Kong"},{"name":"Heard Island and McDonald Islands"},{"name":"Honduras"},{"name":"Croatia"},{"name":"Haiti"},{"name":"Hungary"},{"name":"Indonesia"},{"name":"Ireland"},{"name":"Israel"},{"name":"Isle of Man"},{"name":"India"},{"name":"British Indian Ocean Territory"},{"name":"Iraq"},{"name":"Iran"},{"name":"Iceland"},{"name":"Italy"},{"name":"Jersey"},{"name":"Jamaica"},{"name":"Jordan"},{"name":"Japan"},{"name":"Kenya"},{"name":"Kyrgyzstan"},{"name":"Cambodia"},{"name":"Kiribati"},{"name":"Comoros"},{"name":"Saint Kitts and Nevis"},{"name":"North Korea"},{"name":"South Korea"},{"name":"Kuwait"},{"name":"Cayman Islands"},{"name":"Kazakhstan"},{"name":"Laos"},{"name":"Lebanon"},{"name":"Saint Lucia"},{"name":"Liechtenstein"},{"name":"Sri Lanka"},{"name":"Liberia"},{"name":"Lesotho"},{"name":"Lithuania"},{"name":"Luxembourg"},{"name":"Latvia"},{"name":"Libya"},{"name":"Morocco"},{"name":"Monaco"},{"name":"Moldova"},{"name":"Montenegro"},{"name":"Saint Martin"},{"name":"Madagascar"},{"name":"Marshall Islands"},{"name":"North Macedonia"},{"name":"Mali"},{"name":"Myanmar [Burma]"},{"name":"Mongolia"},{"name":"Macao"},{"name":"Northern Mariana Islands"},{"name":"Martinique"},{"name":"Mauritania"},{"name":"Montserrat"},{"name":"Malta"},{"name":"Mauritius"},{"name":"Maldives"},{"name":"Malawi"},{"name":"Mexico"},{"name":"Malaysia"},{"name":"Mozambique"},{"name":"Namibia"},{"name":"New Caledonia"},{"name":"Niger"},{"name":"Norfolk Island"},{"name":"Nigeria"},{"name":"Nicaragua"},{"name":"Netherlands"},{"name":"Norway"},{"name":"Nepal"},{"name":"Nauru"},{"name":"Niue"},{"name":"New Zealand"},{"name":"Oman"},{"name":"Panama"},{"name":"Peru"},{"name":"French Polynesia"},{"name":"Papua New Guinea"},{"name":"Philippines"},{"name":"Pakistan"},{"name":"Poland"},{"name":"Saint Pierre and Miquelon"},{"name":"Pitcairn Islands"},{"name":"Puerto Rico"},{"name":"Palestine"},{"name":"Portugal"},{"name":"Palau"},{"name":"Paraguay"},{"name":"Qatar"},{"name":"Réunion"},{"name":"Romania"},{"name":"Serbia"},{"name":"Russia"},{"name":"Rwanda"},{"name":"Saudi Arabia"},{"name":"Solomon Islands"},{"name":"Seychelles"},{"name":"Sudan"},{"name":"Sweden"},{"name":"Singapore"},{"name":"Saint Helena"},{"name":"Slovenia"},{"name":"Svalbard and Jan Mayen"},{"name":"Slovakia"},{"name":"Sierra Leone"},{"name":"San Marino"},{"name":"Senegal"},{"name":"Somalia"},{"name":"Suriname"},{"name":"South Sudan"},{"name":"São Tomé and Príncipe"},{"name":"El Salvador"},{"name":"Sint Maarten"},{"name":"Syria"},{"name":"Swaziland"},{"name":"Turks and Caicos Islands"},{"name":"Chad"},{"name":"French Southern Territories"},{"name":"Togo"},{"name":"Thailand"},{"name":"Tajikistan"},{"name":"Tokelau"},{"name":"East Timor"},{"name":"Turkmenistan"},{"name":"Tunisia"},{"name":"Tonga"},{"name":"Turkey"},{"name":"Trinidad and Tobago"},{"name":"Tuvalu"},{"name":"Taiwan"},{"name":"Tanzania"},{"name":"Ukraine"},{"name":"Uganda"},{"name":"U.S. Minor Outlying Islands"},{"name":"United States"},{"name":"Uruguay"},{"name":"Uzbekistan"},{"name":"Vatican City"},{"name":"Saint Vincent and the Grenadines"},{"name":"Venezuela"},{"name":"British Virgin Islands"},{"name":"U.S. Virgin Islands"},{"name":"Vietnam"},{"name":"Vanuatu"},{"name":"Wallis and Futuna"},{"name":"Samoa"},{"name":"Kosovo"},{"name":"Yemen"},{"name":"Mayotte"},{"name":"South Africa"},{"name":"Zambia"},{"name":"Zimbabwe"}],"country":{"name":"United States","native":"United States","capital":"Washington D.C.","emoji":"🇺🇸","currency":"USD,USN,USS","languages":[{"code":"en","name":"English"}],"states":[{"name":"Alabama","code":"AL"},{"name":"Alaska","code":"AK"},{"name":"Arizona","code":"AZ"},{"name":"Arkansas","code":"AR"},{"name":"California","code":"CA"},{"name":"Colorado","code":"CO"},{"name":"Connecticut","code":"CT"},{"name":"District of Columbia","code":"DC"},{"name":"Delaware","code":"DE"},{"name":"Florida","code":"FL"},{"name":"Georgia","code":"GA"},{"name":"Hawaii","code":"HI"},{"name":"Idaho","code":"ID"},{"name":"Illinois","code":"IL"},{"name":"Indiana","code":"IN"},{"name":"Iowa","code":"IA"},{"name":"Kansas","code":"KS"},{"name":"Kentucky","code":"KY"},{"name":"Louisiana","code":"LA"},{"name":"Maine","code":"ME"},{"name":"Maryland","code":"MD"},{"name":"Massachusetts","code":"MA"},{"name":"Michigan","code":"MI"},{"name":"Minnesota","code":"MN"},{"name":"Mississippi","code":"MS"},{"name":"Missouri","code":"MO"},{"name":"Montana","code":"MT"},{"name":"Nebraska","code":"NE"},{"name":"Nevada","code":"NV"},{"name":"New Hampshire","code":"NH"},{"name":"New Jersey","code":"NJ"},{"name":"New Mexico","code":"NM"},{"name":"New York","code":"NY"},{"name":"North Carolina","code":"NC"},{"name":"North Dakota","code":"ND"},{"name":"Ohio","code":"OH"},{"name":"Oklahoma","code":"OK"},{"name":"Oregon","code":"OR"},{"name":"Pennsylvania","code":"PA"},{"name":"Rhode Island","code":"RI"},{"name":"South Carolina","code":"SC"},{"name":"South Dakota","code":"SD"},{"name":"Tennessee","code":"TN"},{"name":"Texas","code":"TX"},{"name":"Utah","code":"UT"},{"name":"Vermont","code":"VT"},{"name":"Virginia","code":"VA"},{"name":"Washington","code":"WA"},{"name":"West Virginia","code":"WV"},{"name":"Wisconsin","code":"WI"},{"name":"Wyoming","code":"WY"},{"name":"American Samoa","code":"AS"},{"name":"Guam","code":"GU"},{"name":"Northern Mariana Islands","code":"MP"},{"name":"Puerto Rico","code":"PR"},{"name":"United States Minor Outlying Islands","code":"UM"},{"name":"Virgin Islands","code":"VI"}]}}}
 
 </msg>
<msg timestamp="20211214 12:03:15.240" level="INFO">${response} = &lt;Response [200]&gt;</msg>
<status status="PASS" starttime="20211214 12:03:15.143" endtime="20211214 12:03:15.240"/>
</kw>
<kw name="Log" library="BuiltIn">
<arg>RESPONSE: ${response}</arg>
<arg>console=true</arg>
<doc>Logs the given message with the given level.</doc>
<msg timestamp="20211214 12:03:15.241" level="INFO">RESPONSE: &lt;Response [200]&gt;</msg>
<status status="PASS" starttime="20211214 12:03:15.240" endtime="20211214 12:03:15.241"/>
</kw>
<kw name="Log" library="BuiltIn">
<arg>JSON:${response.json()}</arg>
<arg>console=true</arg>
<doc>Logs the given message with the given level.</doc>
<msg timestamp="20211214 12:03:15.242" level="INFO">JSON:{'data': {'countries': [{'name': 'Andorra'}, {'name': 'United Arab Emirates'}, {'name': 'Afghanistan'}, {'name': 'Antigua and Barbuda'}, {'name': 'Anguilla'}, {'name': 'Albania'}, {'name': 'Armenia'}, {'name': 'Angola'}, {'name': 'Antarctica'}, {'name': 'Argentina'}, {'name': 'American Samoa'}, {'name': 'Austria'}, {'name': 'Australia'}, {'name': 'Aruba'}, {'name': 'Åland'}, {'name': 'Azerbaijan'}, {'name': 'Bosnia and Herzegovina'}, {'name': 'Barbados'}, {'name': 'Bangladesh'}, {'name': 'Belgium'}, {'name': 'Burkina Faso'}, {'name': 'Bulgaria'}, {'name': 'Bahrain'}, {'name': 'Burundi'}, {'name': 'Benin'}, {'name': 'Saint Barthélemy'}, {'name': 'Bermuda'}, {'name': 'Brunei'}, {'name': 'Bolivia'}, {'name': 'Bonaire'}, {'name': 'Brazil'}, {'name': 'Bahamas'}, {'name': 'Bhutan'}, {'name': 'Bouvet Island'}, {'name': 'Botswana'}, {'name': 'Belarus'}, {'name': 'Belize'}, {'name': 'Canada'}, {'name': 'Cocos [Keeling] Islands'}, {'name': 'Democratic Republic of the Congo'}, {'name': 'Central African Republic'}, {'name': 'Republic of the Congo'}, {'name': 'Switzerland'}, {'name': 'Ivory Coast'}, {'name': 'Cook Islands'}, {'name': 'Chile'}, {'name': 'Cameroon'}, {'name': 'China'}, {'name': 'Colombia'}, {'name': 'Costa Rica'}, {'name': 'Cuba'}, {'name': 'Cape Verde'}, {'name': 'Curacao'}, {'name': 'Christmas Island'}, {'name': 'Cyprus'}, {'name': 'Czech Republic'}, {'name': 'Germany'}, {'name': 'Djibouti'}, {'name': 'Denmark'}, {'name': 'Dominica'}, {'name': 'Dominican Republic'}, {'name': 'Algeria'}, {'name': 'Ecuador'}, {'name': 'Estonia'}, {'name': 'Egypt'}, {'name': 'Western Sahara'}, {'name': 'Eritrea'}, {'name': 'Spain'}, {'name': 'Ethiopia'}, {'name': 'Finland'}, {'name': 'Fiji'}, {'name': 'Falkland Islands'}, {'name': 'Micronesia'}, {'name': 'Faroe Islands'}, {'name': 'France'}, {'name': 'Gabon'}, {'name': 'United Kingdom'}, {'name': 'Grenada'}, {'name': 'Georgia'}, {'name': 'French Guiana'}, {'name': 'Guernsey'}, {'name': 'Ghana'}, {'name': 'Gibraltar'}, {'name': 'Greenland'}, {'name': 'Gambia'}, {'name': 'Guinea'}, {'name': 'Guadeloupe'}, {'name': 'Equatorial Guinea'}, {'name': 'Greece'}, {'name': 'South Georgia and the South Sandwich Islands'}, {'name': 'Guatemala'}, {'name': 'Guam'}, {'name': 'Guinea-Bissau'}, {'name': 'Guyana'}, {'name': 'Hong Kong'}, {'name': 'Heard Island and McDonald Islands'}, {'name': 'Honduras'}, {'name': 'Croatia'}, {'name': 'Haiti'}, {'name': 'Hungary'}, {'name': 'Indonesia'}, {'name': 'Ireland'}, {'name': 'Israel'}, {'name': 'Isle of Man'}, {'name': 'India'}, {'name': 'British Indian Ocean Territory'}, {'name': 'Iraq'}, {'name': 'Iran'}, {'name': 'Iceland'}, {'name': 'Italy'}, {'name': 'Jersey'}, {'name': 'Jamaica'}, {'name': 'Jordan'}, {'name': 'Japan'}, {'name': 'Kenya'}, {'name': 'Kyrgyzstan'}, {'name': 'Cambodia'}, {'name': 'Kiribati'}, {'name': 'Comoros'}, {'name': 'Saint Kitts and Nevis'}, {'name': 'North Korea'}, {'name': 'South Korea'}, {'name': 'Kuwait'}, {'name': 'Cayman Islands'}, {'name': 'Kazakhstan'}, {'name': 'Laos'}, {'name': 'Lebanon'}, {'name': 'Saint Lucia'}, {'name': 'Liechtenstein'}, {'name': 'Sri Lanka'}, {'name': 'Liberia'}, {'name': 'Lesotho'}, {'name': 'Lithuania'}, {'name': 'Luxembourg'}, {'name': 'Latvia'}, {'name': 'Libya'}, {'name': 'Morocco'}, {'name': 'Monaco'}, {'name': 'Moldova'}, {'name': 'Montenegro'}, {'name': 'Saint Martin'}, {'name': 'Madagascar'}, {'name': 'Marshall Islands'}, {'name': 'North Macedonia'}, {'name': 'Mali'}, {'name': 'Myanmar [Burma]'}, {'name': 'Mongolia'}, {'name': 'Macao'}, {'name': 'Northern Mariana Islands'}, {'name': 'Martinique'}, {'name': 'Mauritania'}, {'name': 'Montserrat'}, {'name': 'Malta'}, {'name': 'Mauritius'}, {'name': 'Maldives'}, {'name': 'Malawi'}, {'name': 'Mexico'}, {'name': 'Malaysia'}, {'name': 'Mozambique'}, {'name': 'Namibia'}, {'name': 'New Caledonia'}, {'name': 'Niger'}, {'name': 'Norfolk Island'}, {'name': 'Nigeria'}, {'name': 'Nicaragua'}, {'name': 'Netherlands'}, {'name': 'Norway'}, {'name': 'Nepal'}, {'name': 'Nauru'}, {'name': 'Niue'}, {'name': 'New Zealand'}, {'name': 'Oman'}, {'name': 'Panama'}, {'name': 'Peru'}, {'name': 'French Polynesia'}, {'name': 'Papua New Guinea'}, {'name': 'Philippines'}, {'name': 'Pakistan'}, {'name': 'Poland'}, {'name': 'Saint Pierre and Miquelon'}, {'name': 'Pitcairn Islands'}, {'name': 'Puerto Rico'}, {'name': 'Palestine'}, {'name': 'Portugal'}, {'name': 'Palau'}, {'name': 'Paraguay'}, {'name': 'Qatar'}, {'name': 'Réunion'}, {'name': 'Romania'}, {'name': 'Serbia'}, {'name': 'Russia'}, {'name': 'Rwanda'}, {'name': 'Saudi Arabia'}, {'name': 'Solomon Islands'}, {'name': 'Seychelles'}, {'name': 'Sudan'}, {'name': 'Sweden'}, {'name': 'Singapore'}, {'name': 'Saint Helena'}, {'name': 'Slovenia'}, {'name': 'Svalbard and Jan Mayen'}, {'name': 'Slovakia'}, {'name': 'Sierra Leone'}, {'name': 'San Marino'}, {'name': 'Senegal'}, {'name': 'Somalia'}, {'name': 'Suriname'}, {'name': 'South Sudan'}, {'name': 'São Tomé and Príncipe'}, {'name': 'El Salvador'}, {'name': 'Sint Maarten'}, {'name': 'Syria'}, {'name': 'Swaziland'}, {'name': 'Turks and Caicos Islands'}, {'name': 'Chad'}, {'name': 'French Southern Territories'}, {'name': 'Togo'}, {'name': 'Thailand'}, {'name': 'Tajikistan'}, {'name': 'Tokelau'}, {'name': 'East Timor'}, {'name': 'Turkmenistan'}, {'name': 'Tunisia'}, {'name': 'Tonga'}, {'name': 'Turkey'}, {'name': 'Trinidad and Tobago'}, {'name': 'Tuvalu'}, {'name': 'Taiwan'}, {'name': 'Tanzania'}, {'name': 'Ukraine'}, {'name': 'Uganda'}, {'name': 'U.S. Minor Outlying Islands'}, {'name': 'United States'}, {'name': 'Uruguay'}, {'name': 'Uzbekistan'}, {'name': 'Vatican City'}, {'name': 'Saint Vincent and the Grenadines'}, {'name': 'Venezuela'}, {'name': 'British Virgin Islands'}, {'name': 'U.S. Virgin Islands'}, {'name': 'Vietnam'}, {'name': 'Vanuatu'}, {'name': 'Wallis and Futuna'}, {'name': 'Samoa'}, {'name': 'Kosovo'}, {'name': 'Yemen'}, {'name': 'Mayotte'}, {'name': 'South Africa'}, {'name': 'Zambia'}, {'name': 'Zimbabwe'}], 'country': {'name': 'United States', 'native': 'United States', 'capital': 'Washington D.C.', 'emoji': '🇺🇸', 'currency': 'USD,USN,USS', 'languages': [{'code': 'en', 'name': 'English'}], 'states': [{'name': 'Alabama', 'code': 'AL'}, {'name': 'Alaska', 'code': 'AK'}, {'name': 'Arizona', 'code': 'AZ'}, {'name': 'Arkansas', 'code': 'AR'}, {'name': 'California', 'code': 'CA'}, {'name': 'Colorado', 'code': 'CO'}, {'name': 'Connecticut', 'code': 'CT'}, {'name': 'District of Columbia', 'code': 'DC'}, {'name': 'Delaware', 'code': 'DE'}, {'name': 'Florida', 'code': 'FL'}, {'name': 'Georgia', 'code': 'GA'}, {'name': 'Hawaii', 'code': 'HI'}, {'name': 'Idaho', 'code': 'ID'}, {'name': 'Illinois', 'code': 'IL'}, {'name': 'Indiana', 'code': 'IN'}, {'name': 'Iowa', 'code': 'IA'}, {'name': 'Kansas', 'code': 'KS'}, {'name': 'Kentucky', 'code': 'KY'}, {'name': 'Louisiana', 'code': 'LA'}, {'name': 'Maine', 'code': 'ME'}, {'name': 'Maryland', 'code': 'MD'}, {'name': 'Massachusetts', 'code': 'MA'}, {'name': 'Michigan', 'code': 'MI'}, {'name': 'Minnesota', 'code': 'MN'}, {'name': 'Mississippi', 'code': 'MS'}, {'name': 'Missouri', 'code': 'MO'}, {'name': 'Montana', 'code': 'MT'}, {'name': 'Nebraska', 'code': 'NE'}, {'name': 'Nevada', 'code': 'NV'}, {'name': 'New Hampshire', 'code': 'NH'}, {'name': 'New Jersey', 'code': 'NJ'}, {'name': 'New Mexico', 'code': 'NM'}, {'name': 'New York', 'code': 'NY'}, {'name': 'North Carolina', 'code': 'NC'}, {'name': 'North Dakota', 'code': 'ND'}, {'name': 'Ohio', 'code': 'OH'}, {'name': 'Oklahoma', 'code': 'OK'}, {'name': 'Oregon', 'code': 'OR'}, {'name': 'Pennsylvania', 'code': 'PA'}, {'name': 'Rhode Island', 'code': 'RI'}, {'name': 'South Carolina', 'code': 'SC'}, {'name': 'South Dakota', 'code': 'SD'}, {'name': 'Tennessee', 'code': 'TN'}, {'name': 'Texas', 'code': 'TX'}, {'name': 'Utah', 'code': 'UT'}, {'name': 'Vermont', 'code': 'VT'}, {'name': 'Virginia', 'code': 'VA'}, {'name': 'Washington', 'code': 'WA'}, {'name': 'West Virginia', 'code': 'WV'}, {'name': 'Wisconsin', 'code': 'WI'}, {'name': 'Wyoming', 'code': 'WY'}, {'name': 'American Samoa', 'code': 'AS'}, {'name': 'Guam', 'code': 'GU'}, {'name': 'Northern Mariana Islands', 'code': 'MP'}, {'name': 'Puerto Rico', 'code': 'PR'}, {'name': 'United States Minor Outlying Islands', 'code': 'UM'}, {'name': 'Virgin Islands', 'code': 'VI'}]}}}</msg>
<status status="PASS" starttime="20211214 12:03:15.241" endtime="20211214 12:03:15.244"/>
</kw>
<kw name="Delete All Sessions" library="RequestsLibrary">
<doc>Removes all the session objects</doc>
<msg timestamp="20211214 12:03:15.244" level="INFO">Deleting All Sessions</msg>
<status status="PASS" starttime="20211214 12:03:15.244" endtime="20211214 12:03:15.244"/>
</kw>
<msg timestamp="20211214 12:03:15.245" level="INFO">${response} = {'data': {'countries': [{'name': 'Andorra'}, {'name': 'United Arab Emirates'}, {'name': 'Afghanistan'}, {'name': 'Antigua and Barbuda'}, {'name': 'Anguilla'}, {'name': 'Albania'}, {'name': 'Armenia'},...</msg>
<status status="PASS" starttime="20211214 12:03:15.141" endtime="20211214 12:03:15.245"/>
</kw>
<kw name="Log" library="BuiltIn">
<arg>verify the total countries</arg>
<doc>Logs the given message with the given level.</doc>
<msg timestamp="20211214 12:03:15.245" level="INFO">verify the total countries</msg>
<status status="PASS" starttime="20211214 12:03:15.245" endtime="20211214 12:03:15.245"/>
</kw>
<kw name="Get Length" library="BuiltIn">
<var>${total_countries}</var>
<arg>${response['data']['countries']}</arg>
<doc>Returns and logs the length of the given item as an integer.</doc>
<msg timestamp="20211214 12:03:15.246" level="INFO">Length is 250</msg>
<msg timestamp="20211214 12:03:15.246" level="INFO">${total_countries} = 250</msg>
<status status="PASS" starttime="20211214 12:03:15.246" endtime="20211214 12:03:15.246"/>
</kw>
<kw name="Convert To String" library="BuiltIn">
<var>${total_count}</var>
<arg>${total_countries}</arg>
<doc>Converts the given item to a Unicode string.</doc>
<msg timestamp="20211214 12:03:15.247" level="INFO">${total_count} = 250</msg>
<status status="PASS" starttime="20211214 12:03:15.246" endtime="20211214 12:03:15.247"/>
</kw>
<kw name="Should Be Equal" library="BuiltIn">
<arg>${total_count}</arg>
<arg>250</arg>
<doc>Fails if the given objects are unequal.</doc>
<status status="PASS" starttime="20211214 12:03:15.247" endtime="20211214 12:03:15.247"/>
</kw>
<kw name="Log" library="BuiltIn">
<arg>verify some countries names</arg>
<doc>Logs the given message with the given level.</doc>
<msg timestamp="20211214 12:03:15.247" level="INFO">verify some countries names</msg>
<status status="PASS" starttime="20211214 12:03:15.247" endtime="20211214 12:03:15.247"/>
</kw>
<kw name="Get Length" library="BuiltIn">
<var>${count}</var>
<arg>${COUNTRY_LIST}</arg>
<doc>Returns and logs the length of the given item as an integer.</doc>
<msg timestamp="20211214 12:03:15.248" level="INFO">Length is 5</msg>
<msg timestamp="20211214 12:03:15.248" level="INFO">${count} = 5</msg>
<status status="PASS" starttime="20211214 12:03:15.248" endtime="20211214 12:03:15.248"/>
</kw>
<for flavor="IN RANGE">
<var>${country}</var>
<value>${count}</value>
<iter>
<var name="${country}">0</var>
<kw name="Should Be Equal As Strings" library="BuiltIn">
<arg>${COUNTRY_LIST[${country}]}</arg>
<arg>${response['data']['countries'][${country}]['name']}</arg>
<doc>Fails if objects are unequal after converting them to strings.</doc>
<status status="PASS" starttime="20211214 12:03:15.248" endtime="20211214 12:03:15.249"/>
</kw>
<status status="PASS" starttime="20211214 12:03:15.248" endtime="20211214 12:03:15.249"/>
</iter>
<iter>
<var name="${country}">1</var>
<kw name="Should Be Equal As Strings" library="BuiltIn">
<arg>${COUNTRY_LIST[${country}]}</arg>
<arg>${response['data']['countries'][${country}]['name']}</arg>
<doc>Fails if objects are unequal after converting them to strings.</doc>
<status status="PASS" starttime="20211214 12:03:15.250" endtime="20211214 12:03:15.251"/>
</kw>
<status status="PASS" starttime="20211214 12:03:15.250" endtime="20211214 12:03:15.251"/>
</iter>
<iter>
<var name="${country}">2</var>
<kw name="Should Be Equal As Strings" library="BuiltIn">
<arg>${COUNTRY_LIST[${country}]}</arg>
<arg>${response['data']['countries'][${country}]['name']}</arg>
<doc>Fails if objects are unequal after converting them to strings.</doc>
<status status="PASS" starttime="20211214 12:03:15.251" endtime="20211214 12:03:15.252"/>
</kw>
<status status="PASS" starttime="20211214 12:03:15.251" endtime="20211214 12:03:15.252"/>
</iter>
<iter>
<var name="${country}">3</var>
<kw name="Should Be Equal As Strings" library="BuiltIn">
<arg>${COUNTRY_LIST[${country}]}</arg>
<arg>${response['data']['countries'][${country}]['name']}</arg>
<doc>Fails if objects are unequal after converting them to strings.</doc>
<status status="PASS" starttime="20211214 12:03:15.252" endtime="20211214 12:03:15.254"/>
</kw>
<status status="PASS" starttime="20211214 12:03:15.252" endtime="20211214 12:03:15.254"/>
</iter>
<iter>
<var name="${country}">4</var>
<kw name="Should Be Equal As Strings" library="BuiltIn">
<arg>${COUNTRY_LIST[${country}]}</arg>
<arg>${response['data']['countries'][${country}]['name']}</arg>
<doc>Fails if objects are unequal after converting them to strings.</doc>
<status status="PASS" starttime="20211214 12:03:15.254" endtime="20211214 12:03:15.255"/>
</kw>
<status status="PASS" starttime="20211214 12:03:15.254" endtime="20211214 12:03:15.255"/>
</iter>
<status status="PASS" starttime="20211214 12:03:15.248" endtime="20211214 12:03:15.255"/>
</for>
<status status="PASS" starttime="20211214 12:03:15.141" endtime="20211214 12:03:15.255"/>
</kw>
<tag>Countries</tag>
<status status="PASS" starttime="20211214 12:03:15.139" endtime="20211214 12:03:15.255"/>
</test>
<test id="s1-t3" name="Validate The Single Country Info">
<kw name="TestCaseSetup" library="Common_API_Keywords" type="SETUP">
<doc>common initialization for UI and API test cases</doc>
<kw name="Get Time" library="BuiltIn">
<var>${TESTCASE_EPOCH_STARTTIME}</var>
<arg>epoch</arg>
<doc>Returns the given time in the requested format.</doc>
<msg timestamp="20211214 12:03:15.257" level="INFO">${TESTCASE_EPOCH_STARTTIME} = 1639501395</msg>
<status status="PASS" starttime="20211214 12:03:15.256" endtime="20211214 12:03:15.257"/>
</kw>
<status status="PASS" starttime="20211214 12:03:15.256" endtime="20211214 12:03:15.257"/>
</kw>
<kw name="Log" library="BuiltIn">
<arg>Verifying the country information</arg>
<doc>Logs the given message with the given level.</doc>
<msg timestamp="20211214 12:03:15.257" level="INFO">Verifying the country information</msg>
<status status="PASS" starttime="20211214 12:03:15.257" endtime="20211214 12:03:15.257"/>
</kw>
<kw name="Verify The Single Country Info" library="Countries">
<kw name="Log" library="BuiltIn">
<arg>Send the post request with the valid query</arg>
<doc>Logs the given message with the given level.</doc>
<msg timestamp="20211214 12:03:15.258" level="INFO">Send the post request with the valid query</msg>
<status status="PASS" starttime="20211214 12:03:15.257" endtime="20211214 12:03:15.258"/>
</kw>
<kw name="Post Response" library="Common_API_Keywords">
<var>${response}</var>
<arg>${COUNTRIES_API_URL}</arg>
<doc>Returns the response of the post Request</doc>
<kw name="Create Dictionary" library="BuiltIn">
<var>${headers}</var>
<arg>Content-Type=application/json</arg>
<doc>Creates and returns a dictionary based on the given ``items``.</doc>
<msg timestamp="20211214 12:03:15.258" level="INFO">${headers} = {'Content-Type': 'application/json'}</msg>
<status status="PASS" starttime="20211214 12:03:15.258" endtime="20211214 12:03:15.258"/>
</kw>
<kw name="Create Dictionary" library="BuiltIn">
<var>${body}</var>
<arg>query= query {countries {name}country(code:"US") {name, native, capital, emoji, currency, languages {code, name}states{name, code}}}</arg>
<doc>Creates and returns a dictionary based on the given ``items``.</doc>
<msg timestamp="20211214 12:03:15.259" level="INFO">${body} = {'query': ' query {countries {name}country(code:"US") {name, native, capital, emoji, currency, languages {code, name}states{name, code}}}'}</msg>
<status status="PASS" starttime="20211214 12:03:15.259" endtime="20211214 12:03:15.259"/>
</kw>
<kw name="Create Session" library="RequestsLibrary">
<arg>mysession</arg>
<arg>${url}</arg>
<arg>${headers}</arg>
<arg>timeout=100</arg>
<arg>verify=true</arg>
<doc>Create Session: create a HTTP session to a server</doc>
<msg timestamp="20211214 12:03:15.259" level="INFO">Creating Session using : alias=mysession, url=https://countries.trevorblades.com/, headers={'Content-Type': 'application/json'},                     cookies={}, auth=None, timeout=100, proxies=None, verify=True,                     debug=0 </msg>
<status status="PASS" starttime="20211214 12:03:15.259" endtime="20211214 12:03:15.260"/>
</kw>
<kw name="Post On Session" library="RequestsLibrary">
<var>${response}</var>
<arg>mysession</arg>
<arg>${url}</arg>
<arg>json=${body}</arg>
<arg>expected_status=200</arg>
<doc>Sends a POST request on a previously created HTTP Session.</doc>
<msg timestamp="20211214 12:03:15.345" level="INFO">POST Request : url=https://countries.trevorblades.com/ 
 path_url=/ 
 headers={'User-Agent': 'python-requests/2.25.1', 'Accept-Encoding': 'gzip, deflate', 'Accept': '*/*', 'Connection': 'keep-alive', 'Content-Type': 'application/json', 'Content-Length': '141'} 
 body=b'{"query": " query {countries {name}country(code:\\"US\\") {name, native, capital, emoji, currency, languages {code, name}states{name, code}}}"}' 
 </msg>
<msg timestamp="20211214 12:03:15.346" level="INFO">POST Response : url=https://countries.trevorblades.com/ 
 status=200, reason=OK 
 headers={'access-control-allow-origin': '*', 'content-type': 'application/json; charset=utf-8', 'content-encoding': 'gzip', 'etag': 'W/"1d9a-VTOjSoUjQA+edOT/FcKY9dRJYek"', 'date': 'Tue, 14 Dec 2021 17:03:15 GMT', 'connection': 'keep-alive', 'keep-alive': 'timeout=5', 'transfer-encoding': 'chunked', 'server': 'Fly/fb1a8b2 (2021-11-25)', 'via': '1.1 fly.io', 'fly-request-id': '01FPWYBXC4KE5KAEHAQASFT77T'} 
 body={"data":{"countries":[{"name":"Andorra"},{"name":"United Arab Emirates"},{"name":"Afghanistan"},{"name":"Antigua and Barbuda"},{"name":"Anguilla"},{"name":"Albania"},{"name":"Armenia"},{"name":"Angola"},{"name":"Antarctica"},{"name":"Argentina"},{"name":"American Samoa"},{"name":"Austria"},{"name":"Australia"},{"name":"Aruba"},{"name":"Åland"},{"name":"Azerbaijan"},{"name":"Bosnia and Herzegovina"},{"name":"Barbados"},{"name":"Bangladesh"},{"name":"Belgium"},{"name":"Burkina Faso"},{"name":"Bulgaria"},{"name":"Bahrain"},{"name":"Burundi"},{"name":"Benin"},{"name":"Saint Barthélemy"},{"name":"Bermuda"},{"name":"Brunei"},{"name":"Bolivia"},{"name":"Bonaire"},{"name":"Brazil"},{"name":"Bahamas"},{"name":"Bhutan"},{"name":"Bouvet Island"},{"name":"Botswana"},{"name":"Belarus"},{"name":"Belize"},{"name":"Canada"},{"name":"Cocos [Keeling] Islands"},{"name":"Democratic Republic of the Congo"},{"name":"Central African Republic"},{"name":"Republic of the Congo"},{"name":"Switzerland"},{"name":"Ivory Coast"},{"name":"Cook Islands"},{"name":"Chile"},{"name":"Cameroon"},{"name":"China"},{"name":"Colombia"},{"name":"Costa Rica"},{"name":"Cuba"},{"name":"Cape Verde"},{"name":"Curacao"},{"name":"Christmas Island"},{"name":"Cyprus"},{"name":"Czech Republic"},{"name":"Germany"},{"name":"Djibouti"},{"name":"Denmark"},{"name":"Dominica"},{"name":"Dominican Republic"},{"name":"Algeria"},{"name":"Ecuador"},{"name":"Estonia"},{"name":"Egypt"},{"name":"Western Sahara"},{"name":"Eritrea"},{"name":"Spain"},{"name":"Ethiopia"},{"name":"Finland"},{"name":"Fiji"},{"name":"Falkland Islands"},{"name":"Micronesia"},{"name":"Faroe Islands"},{"name":"France"},{"name":"Gabon"},{"name":"United Kingdom"},{"name":"Grenada"},{"name":"Georgia"},{"name":"French Guiana"},{"name":"Guernsey"},{"name":"Ghana"},{"name":"Gibraltar"},{"name":"Greenland"},{"name":"Gambia"},{"name":"Guinea"},{"name":"Guadeloupe"},{"name":"Equatorial Guinea"},{"name":"Greece"},{"name":"South Georgia and the South Sandwich Islands"},{"name":"Guatemala"},{"name":"Guam"},{"name":"Guinea-Bissau"},{"name":"Guyana"},{"name":"Hong Kong"},{"name":"Heard Island and McDonald Islands"},{"name":"Honduras"},{"name":"Croatia"},{"name":"Haiti"},{"name":"Hungary"},{"name":"Indonesia"},{"name":"Ireland"},{"name":"Israel"},{"name":"Isle of Man"},{"name":"India"},{"name":"British Indian Ocean Territory"},{"name":"Iraq"},{"name":"Iran"},{"name":"Iceland"},{"name":"Italy"},{"name":"Jersey"},{"name":"Jamaica"},{"name":"Jordan"},{"name":"Japan"},{"name":"Kenya"},{"name":"Kyrgyzstan"},{"name":"Cambodia"},{"name":"Kiribati"},{"name":"Comoros"},{"name":"Saint Kitts and Nevis"},{"name":"North Korea"},{"name":"South Korea"},{"name":"Kuwait"},{"name":"Cayman Islands"},{"name":"Kazakhstan"},{"name":"Laos"},{"name":"Lebanon"},{"name":"Saint Lucia"},{"name":"Liechtenstein"},{"name":"Sri Lanka"},{"name":"Liberia"},{"name":"Lesotho"},{"name":"Lithuania"},{"name":"Luxembourg"},{"name":"Latvia"},{"name":"Libya"},{"name":"Morocco"},{"name":"Monaco"},{"name":"Moldova"},{"name":"Montenegro"},{"name":"Saint Martin"},{"name":"Madagascar"},{"name":"Marshall Islands"},{"name":"North Macedonia"},{"name":"Mali"},{"name":"Myanmar [Burma]"},{"name":"Mongolia"},{"name":"Macao"},{"name":"Northern Mariana Islands"},{"name":"Martinique"},{"name":"Mauritania"},{"name":"Montserrat"},{"name":"Malta"},{"name":"Mauritius"},{"name":"Maldives"},{"name":"Malawi"},{"name":"Mexico"},{"name":"Malaysia"},{"name":"Mozambique"},{"name":"Namibia"},{"name":"New Caledonia"},{"name":"Niger"},{"name":"Norfolk Island"},{"name":"Nigeria"},{"name":"Nicaragua"},{"name":"Netherlands"},{"name":"Norway"},{"name":"Nepal"},{"name":"Nauru"},{"name":"Niue"},{"name":"New Zealand"},{"name":"Oman"},{"name":"Panama"},{"name":"Peru"},{"name":"French Polynesia"},{"name":"Papua New Guinea"},{"name":"Philippines"},{"name":"Pakistan"},{"name":"Poland"},{"name":"Saint Pierre and Miquelon"},{"name":"Pitcairn Islands"},{"name":"Puerto Rico"},{"name":"Palestine"},{"name":"Portugal"},{"name":"Palau"},{"name":"Paraguay"},{"name":"Qatar"},{"name":"Réunion"},{"name":"Romania"},{"name":"Serbia"},{"name":"Russia"},{"name":"Rwanda"},{"name":"Saudi Arabia"},{"name":"Solomon Islands"},{"name":"Seychelles"},{"name":"Sudan"},{"name":"Sweden"},{"name":"Singapore"},{"name":"Saint Helena"},{"name":"Slovenia"},{"name":"Svalbard and Jan Mayen"},{"name":"Slovakia"},{"name":"Sierra Leone"},{"name":"San Marino"},{"name":"Senegal"},{"name":"Somalia"},{"name":"Suriname"},{"name":"South Sudan"},{"name":"São Tomé and Príncipe"},{"name":"El Salvador"},{"name":"Sint Maarten"},{"name":"Syria"},{"name":"Swaziland"},{"name":"Turks and Caicos Islands"},{"name":"Chad"},{"name":"French Southern Territories"},{"name":"Togo"},{"name":"Thailand"},{"name":"Tajikistan"},{"name":"Tokelau"},{"name":"East Timor"},{"name":"Turkmenistan"},{"name":"Tunisia"},{"name":"Tonga"},{"name":"Turkey"},{"name":"Trinidad and Tobago"},{"name":"Tuvalu"},{"name":"Taiwan"},{"name":"Tanzania"},{"name":"Ukraine"},{"name":"Uganda"},{"name":"U.S. Minor Outlying Islands"},{"name":"United States"},{"name":"Uruguay"},{"name":"Uzbekistan"},{"name":"Vatican City"},{"name":"Saint Vincent and the Grenadines"},{"name":"Venezuela"},{"name":"British Virgin Islands"},{"name":"U.S. Virgin Islands"},{"name":"Vietnam"},{"name":"Vanuatu"},{"name":"Wallis and Futuna"},{"name":"Samoa"},{"name":"Kosovo"},{"name":"Yemen"},{"name":"Mayotte"},{"name":"South Africa"},{"name":"Zambia"},{"name":"Zimbabwe"}],"country":{"name":"United States","native":"United States","capital":"Washington D.C.","emoji":"🇺🇸","currency":"USD,USN,USS","languages":[{"code":"en","name":"English"}],"states":[{"name":"Alabama","code":"AL"},{"name":"Alaska","code":"AK"},{"name":"Arizona","code":"AZ"},{"name":"Arkansas","code":"AR"},{"name":"California","code":"CA"},{"name":"Colorado","code":"CO"},{"name":"Connecticut","code":"CT"},{"name":"District of Columbia","code":"DC"},{"name":"Delaware","code":"DE"},{"name":"Florida","code":"FL"},{"name":"Georgia","code":"GA"},{"name":"Hawaii","code":"HI"},{"name":"Idaho","code":"ID"},{"name":"Illinois","code":"IL"},{"name":"Indiana","code":"IN"},{"name":"Iowa","code":"IA"},{"name":"Kansas","code":"KS"},{"name":"Kentucky","code":"KY"},{"name":"Louisiana","code":"LA"},{"name":"Maine","code":"ME"},{"name":"Maryland","code":"MD"},{"name":"Massachusetts","code":"MA"},{"name":"Michigan","code":"MI"},{"name":"Minnesota","code":"MN"},{"name":"Mississippi","code":"MS"},{"name":"Missouri","code":"MO"},{"name":"Montana","code":"MT"},{"name":"Nebraska","code":"NE"},{"name":"Nevada","code":"NV"},{"name":"New Hampshire","code":"NH"},{"name":"New Jersey","code":"NJ"},{"name":"New Mexico","code":"NM"},{"name":"New York","code":"NY"},{"name":"North Carolina","code":"NC"},{"name":"North Dakota","code":"ND"},{"name":"Ohio","code":"OH"},{"name":"Oklahoma","code":"OK"},{"name":"Oregon","code":"OR"},{"name":"Pennsylvania","code":"PA"},{"name":"Rhode Island","code":"RI"},{"name":"South Carolina","code":"SC"},{"name":"South Dakota","code":"SD"},{"name":"Tennessee","code":"TN"},{"name":"Texas","code":"TX"},{"name":"Utah","code":"UT"},{"name":"Vermont","code":"VT"},{"name":"Virginia","code":"VA"},{"name":"Washington","code":"WA"},{"name":"West Virginia","code":"WV"},{"name":"Wisconsin","code":"WI"},{"name":"Wyoming","code":"WY"},{"name":"American Samoa","code":"AS"},{"name":"Guam","code":"GU"},{"name":"Northern Mariana Islands","code":"MP"},{"name":"Puerto Rico","code":"PR"},{"name":"United States Minor Outlying Islands","code":"UM"},{"name":"Virgin Islands","code":"VI"}]}}}
 
 </msg>
<msg timestamp="20211214 12:03:15.346" level="INFO">${response} = &lt;Response [200]&gt;</msg>
<status status="PASS" starttime="20211214 12:03:15.260" endtime="20211214 12:03:15.346"/>
</kw>
<kw name="Log" library="BuiltIn">
<arg>RESPONSE: ${response}</arg>
<arg>console=true</arg>
<doc>Logs the given message with the given level.</doc>
<msg timestamp="20211214 12:03:15.347" level="INFO">RESPONSE: &lt;Response [200]&gt;</msg>
<status status="PASS" starttime="20211214 12:03:15.346" endtime="20211214 12:03:15.347"/>
</kw>
<kw name="Log" library="BuiltIn">
<arg>JSON:${response.json()}</arg>
<arg>console=true</arg>
<doc>Logs the given message with the given level.</doc>
<msg timestamp="20211214 12:03:15.348" level="INFO">JSON:{'data': {'countries': [{'name': 'Andorra'}, {'name': 'United Arab Emirates'}, {'name': 'Afghanistan'}, {'name': 'Antigua and Barbuda'}, {'name': 'Anguilla'}, {'name': 'Albania'}, {'name': 'Armenia'}, {'name': 'Angola'}, {'name': 'Antarctica'}, {'name': 'Argentina'}, {'name': 'American Samoa'}, {'name': 'Austria'}, {'name': 'Australia'}, {'name': 'Aruba'}, {'name': 'Åland'}, {'name': 'Azerbaijan'}, {'name': 'Bosnia and Herzegovina'}, {'name': 'Barbados'}, {'name': 'Bangladesh'}, {'name': 'Belgium'}, {'name': 'Burkina Faso'}, {'name': 'Bulgaria'}, {'name': 'Bahrain'}, {'name': 'Burundi'}, {'name': 'Benin'}, {'name': 'Saint Barthélemy'}, {'name': 'Bermuda'}, {'name': 'Brunei'}, {'name': 'Bolivia'}, {'name': 'Bonaire'}, {'name': 'Brazil'}, {'name': 'Bahamas'}, {'name': 'Bhutan'}, {'name': 'Bouvet Island'}, {'name': 'Botswana'}, {'name': 'Belarus'}, {'name': 'Belize'}, {'name': 'Canada'}, {'name': 'Cocos [Keeling] Islands'}, {'name': 'Democratic Republic of the Congo'}, {'name': 'Central African Republic'}, {'name': 'Republic of the Congo'}, {'name': 'Switzerland'}, {'name': 'Ivory Coast'}, {'name': 'Cook Islands'}, {'name': 'Chile'}, {'name': 'Cameroon'}, {'name': 'China'}, {'name': 'Colombia'}, {'name': 'Costa Rica'}, {'name': 'Cuba'}, {'name': 'Cape Verde'}, {'name': 'Curacao'}, {'name': 'Christmas Island'}, {'name': 'Cyprus'}, {'name': 'Czech Republic'}, {'name': 'Germany'}, {'name': 'Djibouti'}, {'name': 'Denmark'}, {'name': 'Dominica'}, {'name': 'Dominican Republic'}, {'name': 'Algeria'}, {'name': 'Ecuador'}, {'name': 'Estonia'}, {'name': 'Egypt'}, {'name': 'Western Sahara'}, {'name': 'Eritrea'}, {'name': 'Spain'}, {'name': 'Ethiopia'}, {'name': 'Finland'}, {'name': 'Fiji'}, {'name': 'Falkland Islands'}, {'name': 'Micronesia'}, {'name': 'Faroe Islands'}, {'name': 'France'}, {'name': 'Gabon'}, {'name': 'United Kingdom'}, {'name': 'Grenada'}, {'name': 'Georgia'}, {'name': 'French Guiana'}, {'name': 'Guernsey'}, {'name': 'Ghana'}, {'name': 'Gibraltar'}, {'name': 'Greenland'}, {'name': 'Gambia'}, {'name': 'Guinea'}, {'name': 'Guadeloupe'}, {'name': 'Equatorial Guinea'}, {'name': 'Greece'}, {'name': 'South Georgia and the South Sandwich Islands'}, {'name': 'Guatemala'}, {'name': 'Guam'}, {'name': 'Guinea-Bissau'}, {'name': 'Guyana'}, {'name': 'Hong Kong'}, {'name': 'Heard Island and McDonald Islands'}, {'name': 'Honduras'}, {'name': 'Croatia'}, {'name': 'Haiti'}, {'name': 'Hungary'}, {'name': 'Indonesia'}, {'name': 'Ireland'}, {'name': 'Israel'}, {'name': 'Isle of Man'}, {'name': 'India'}, {'name': 'British Indian Ocean Territory'}, {'name': 'Iraq'}, {'name': 'Iran'}, {'name': 'Iceland'}, {'name': 'Italy'}, {'name': 'Jersey'}, {'name': 'Jamaica'}, {'name': 'Jordan'}, {'name': 'Japan'}, {'name': 'Kenya'}, {'name': 'Kyrgyzstan'}, {'name': 'Cambodia'}, {'name': 'Kiribati'}, {'name': 'Comoros'}, {'name': 'Saint Kitts and Nevis'}, {'name': 'North Korea'}, {'name': 'South Korea'}, {'name': 'Kuwait'}, {'name': 'Cayman Islands'}, {'name': 'Kazakhstan'}, {'name': 'Laos'}, {'name': 'Lebanon'}, {'name': 'Saint Lucia'}, {'name': 'Liechtenstein'}, {'name': 'Sri Lanka'}, {'name': 'Liberia'}, {'name': 'Lesotho'}, {'name': 'Lithuania'}, {'name': 'Luxembourg'}, {'name': 'Latvia'}, {'name': 'Libya'}, {'name': 'Morocco'}, {'name': 'Monaco'}, {'name': 'Moldova'}, {'name': 'Montenegro'}, {'name': 'Saint Martin'}, {'name': 'Madagascar'}, {'name': 'Marshall Islands'}, {'name': 'North Macedonia'}, {'name': 'Mali'}, {'name': 'Myanmar [Burma]'}, {'name': 'Mongolia'}, {'name': 'Macao'}, {'name': 'Northern Mariana Islands'}, {'name': 'Martinique'}, {'name': 'Mauritania'}, {'name': 'Montserrat'}, {'name': 'Malta'}, {'name': 'Mauritius'}, {'name': 'Maldives'}, {'name': 'Malawi'}, {'name': 'Mexico'}, {'name': 'Malaysia'}, {'name': 'Mozambique'}, {'name': 'Namibia'}, {'name': 'New Caledonia'}, {'name': 'Niger'}, {'name': 'Norfolk Island'}, {'name': 'Nigeria'}, {'name': 'Nicaragua'}, {'name': 'Netherlands'}, {'name': 'Norway'}, {'name': 'Nepal'}, {'name': 'Nauru'}, {'name': 'Niue'}, {'name': 'New Zealand'}, {'name': 'Oman'}, {'name': 'Panama'}, {'name': 'Peru'}, {'name': 'French Polynesia'}, {'name': 'Papua New Guinea'}, {'name': 'Philippines'}, {'name': 'Pakistan'}, {'name': 'Poland'}, {'name': 'Saint Pierre and Miquelon'}, {'name': 'Pitcairn Islands'}, {'name': 'Puerto Rico'}, {'name': 'Palestine'}, {'name': 'Portugal'}, {'name': 'Palau'}, {'name': 'Paraguay'}, {'name': 'Qatar'}, {'name': 'Réunion'}, {'name': 'Romania'}, {'name': 'Serbia'}, {'name': 'Russia'}, {'name': 'Rwanda'}, {'name': 'Saudi Arabia'}, {'name': 'Solomon Islands'}, {'name': 'Seychelles'}, {'name': 'Sudan'}, {'name': 'Sweden'}, {'name': 'Singapore'}, {'name': 'Saint Helena'}, {'name': 'Slovenia'}, {'name': 'Svalbard and Jan Mayen'}, {'name': 'Slovakia'}, {'name': 'Sierra Leone'}, {'name': 'San Marino'}, {'name': 'Senegal'}, {'name': 'Somalia'}, {'name': 'Suriname'}, {'name': 'South Sudan'}, {'name': 'São Tomé and Príncipe'}, {'name': 'El Salvador'}, {'name': 'Sint Maarten'}, {'name': 'Syria'}, {'name': 'Swaziland'}, {'name': 'Turks and Caicos Islands'}, {'name': 'Chad'}, {'name': 'French Southern Territories'}, {'name': 'Togo'}, {'name': 'Thailand'}, {'name': 'Tajikistan'}, {'name': 'Tokelau'}, {'name': 'East Timor'}, {'name': 'Turkmenistan'}, {'name': 'Tunisia'}, {'name': 'Tonga'}, {'name': 'Turkey'}, {'name': 'Trinidad and Tobago'}, {'name': 'Tuvalu'}, {'name': 'Taiwan'}, {'name': 'Tanzania'}, {'name': 'Ukraine'}, {'name': 'Uganda'}, {'name': 'U.S. Minor Outlying Islands'}, {'name': 'United States'}, {'name': 'Uruguay'}, {'name': 'Uzbekistan'}, {'name': 'Vatican City'}, {'name': 'Saint Vincent and the Grenadines'}, {'name': 'Venezuela'}, {'name': 'British Virgin Islands'}, {'name': 'U.S. Virgin Islands'}, {'name': 'Vietnam'}, {'name': 'Vanuatu'}, {'name': 'Wallis and Futuna'}, {'name': 'Samoa'}, {'name': 'Kosovo'}, {'name': 'Yemen'}, {'name': 'Mayotte'}, {'name': 'South Africa'}, {'name': 'Zambia'}, {'name': 'Zimbabwe'}], 'country': {'name': 'United States', 'native': 'United States', 'capital': 'Washington D.C.', 'emoji': '🇺🇸', 'currency': 'USD,USN,USS', 'languages': [{'code': 'en', 'name': 'English'}], 'states': [{'name': 'Alabama', 'code': 'AL'}, {'name': 'Alaska', 'code': 'AK'}, {'name': 'Arizona', 'code': 'AZ'}, {'name': 'Arkansas', 'code': 'AR'}, {'name': 'California', 'code': 'CA'}, {'name': 'Colorado', 'code': 'CO'}, {'name': 'Connecticut', 'code': 'CT'}, {'name': 'District of Columbia', 'code': 'DC'}, {'name': 'Delaware', 'code': 'DE'}, {'name': 'Florida', 'code': 'FL'}, {'name': 'Georgia', 'code': 'GA'}, {'name': 'Hawaii', 'code': 'HI'}, {'name': 'Idaho', 'code': 'ID'}, {'name': 'Illinois', 'code': 'IL'}, {'name': 'Indiana', 'code': 'IN'}, {'name': 'Iowa', 'code': 'IA'}, {'name': 'Kansas', 'code': 'KS'}, {'name': 'Kentucky', 'code': 'KY'}, {'name': 'Louisiana', 'code': 'LA'}, {'name': 'Maine', 'code': 'ME'}, {'name': 'Maryland', 'code': 'MD'}, {'name': 'Massachusetts', 'code': 'MA'}, {'name': 'Michigan', 'code': 'MI'}, {'name': 'Minnesota', 'code': 'MN'}, {'name': 'Mississippi', 'code': 'MS'}, {'name': 'Missouri', 'code': 'MO'}, {'name': 'Montana', 'code': 'MT'}, {'name': 'Nebraska', 'code': 'NE'}, {'name': 'Nevada', 'code': 'NV'}, {'name': 'New Hampshire', 'code': 'NH'}, {'name': 'New Jersey', 'code': 'NJ'}, {'name': 'New Mexico', 'code': 'NM'}, {'name': 'New York', 'code': 'NY'}, {'name': 'North Carolina', 'code': 'NC'}, {'name': 'North Dakota', 'code': 'ND'}, {'name': 'Ohio', 'code': 'OH'}, {'name': 'Oklahoma', 'code': 'OK'}, {'name': 'Oregon', 'code': 'OR'}, {'name': 'Pennsylvania', 'code': 'PA'}, {'name': 'Rhode Island', 'code': 'RI'}, {'name': 'South Carolina', 'code': 'SC'}, {'name': 'South Dakota', 'code': 'SD'}, {'name': 'Tennessee', 'code': 'TN'}, {'name': 'Texas', 'code': 'TX'}, {'name': 'Utah', 'code': 'UT'}, {'name': 'Vermont', 'code': 'VT'}, {'name': 'Virginia', 'code': 'VA'}, {'name': 'Washington', 'code': 'WA'}, {'name': 'West Virginia', 'code': 'WV'}, {'name': 'Wisconsin', 'code': 'WI'}, {'name': 'Wyoming', 'code': 'WY'}, {'name': 'American Samoa', 'code': 'AS'}, {'name': 'Guam', 'code': 'GU'}, {'name': 'Northern Mariana Islands', 'code': 'MP'}, {'name': 'Puerto Rico', 'code': 'PR'}, {'name': 'United States Minor Outlying Islands', 'code': 'UM'}, {'name': 'Virgin Islands', 'code': 'VI'}]}}}</msg>
<status status="PASS" starttime="20211214 12:03:15.347" endtime="20211214 12:03:15.352"/>
</kw>
<kw name="Delete All Sessions" library="RequestsLibrary">
<doc>Removes all the session objects</doc>
<msg timestamp="20211214 12:03:15.352" level="INFO">Deleting All Sessions</msg>
<status status="PASS" starttime="20211214 12:03:15.352" endtime="20211214 12:03:15.352"/>
</kw>
<msg timestamp="20211214 12:03:15.353" level="INFO">${response} = {'data': {'countries': [{'name': 'Andorra'}, {'name': 'United Arab Emirates'}, {'name': 'Afghanistan'}, {'name': 'Antigua and Barbuda'}, {'name': 'Anguilla'}, {'name': 'Albania'}, {'name': 'Armenia'},...</msg>
<status status="PASS" starttime="20211214 12:03:15.258" endtime="20211214 12:03:15.353"/>
</kw>
<kw name="Log" library="BuiltIn">
<arg>verifying country general info</arg>
<doc>Logs the given message with the given level.</doc>
<msg timestamp="20211214 12:03:15.354" level="INFO">verifying country general info</msg>
<status status="PASS" starttime="20211214 12:03:15.353" endtime="20211214 12:03:15.354"/>
</kw>
<kw name="Should Be Equal As Strings" library="BuiltIn">
<arg>${response['data']['country']['name']}</arg>
<arg>United States</arg>
<doc>Fails if objects are unequal after converting them to strings.</doc>
<status status="PASS" starttime="20211214 12:03:15.354" endtime="20211214 12:03:15.354"/>
</kw>
<kw name="Should Be Equal As Strings" library="BuiltIn">
<arg>${response['data']['country']['capital']}</arg>
<arg>Washington D.C.</arg>
<doc>Fails if objects are unequal after converting them to strings.</doc>
<status status="PASS" starttime="20211214 12:03:15.354" endtime="20211214 12:03:15.355"/>
</kw>
<kw name="Should Be Equal As Strings" library="BuiltIn">
<arg>${response['data']['country']['native']}</arg>
<arg>United States</arg>
<doc>Fails if objects are unequal after converting them to strings.</doc>
<status status="PASS" starttime="20211214 12:03:15.355" endtime="20211214 12:03:15.356"/>
</kw>
<kw name="Should Be Equal As Strings" library="BuiltIn">
<arg>${response['data']['country']['emoji']}</arg>
<arg>🇺🇸</arg>
<doc>Fails if objects are unequal after converting them to strings.</doc>
<status status="PASS" starttime="20211214 12:03:15.356" endtime="20211214 12:03:15.357"/>
</kw>
<kw name="Should Be Equal As Strings" library="BuiltIn">
<arg>${response['data']['country']['currency']}</arg>
<arg>USD,USN,USS</arg>
<doc>Fails if objects are unequal after converting them to strings.</doc>
<status status="PASS" starttime="20211214 12:03:15.357" endtime="20211214 12:03:15.357"/>
</kw>
<kw name="Should Be Equal As Strings" library="BuiltIn">
<arg>${response['data']['country']['languages'][0]['code']}</arg>
<arg>en</arg>
<doc>Fails if objects are unequal after converting them to strings.</doc>
<status status="PASS" starttime="20211214 12:03:15.357" endtime="20211214 12:03:15.358"/>
</kw>
<kw name="Should Be Equal As Strings" library="BuiltIn">
<arg>${response['data']['country']['languages'][0]['name']}</arg>
<arg>English</arg>
<doc>Fails if objects are unequal after converting them to strings.</doc>
<status status="PASS" starttime="20211214 12:03:15.358" endtime="20211214 12:03:15.359"/>
</kw>
<kw name="Get Length" library="BuiltIn">
<var>${total_count}</var>
<arg>${response['data']['country']['states']}</arg>
<doc>Returns and logs the length of the given item as an integer.</doc>
<msg timestamp="20211214 12:03:15.360" level="INFO">Length is 57</msg>
<msg timestamp="20211214 12:03:15.360" level="INFO">${total_count} = 57</msg>
<status status="PASS" starttime="20211214 12:03:15.359" endtime="20211214 12:03:15.360"/>
</kw>
<kw name="Log" library="BuiltIn">
<arg>${total_count}</arg>
<doc>Logs the given message with the given level.</doc>
<msg timestamp="20211214 12:03:15.360" level="INFO">57</msg>
<status status="PASS" starttime="20211214 12:03:15.360" endtime="20211214 12:03:15.360"/>
</kw>
<kw name="Convert To String" library="BuiltIn">
<var>${total_states}</var>
<arg>${total_count}</arg>
<doc>Converts the given item to a Unicode string.</doc>
<msg timestamp="20211214 12:03:15.360" level="INFO">${total_states} = 57</msg>
<status status="PASS" starttime="20211214 12:03:15.360" endtime="20211214 12:03:15.360"/>
</kw>
<kw name="Should Be Equal" library="BuiltIn">
<arg>${total_states}</arg>
<arg>57</arg>
<doc>Fails if the given objects are unequal.</doc>
<status status="PASS" starttime="20211214 12:03:15.361" endtime="20211214 12:03:15.361"/>
</kw>
<status status="PASS" starttime="20211214 12:03:15.257" endtime="20211214 12:03:15.361"/>
</kw>
<tag>Country</tag>
<status status="PASS" starttime="20211214 12:03:15.256" endtime="20211214 12:03:15.361"/>
</test>
<test id="s1-t4" name="Validate Countries API - failed response">
<kw name="TestCaseSetup" library="Common_API_Keywords" type="SETUP">
<doc>common initialization for UI and API test cases</doc>
<kw name="Get Time" library="BuiltIn">
<var>${TESTCASE_EPOCH_STARTTIME}</var>
<arg>epoch</arg>
<doc>Returns the given time in the requested format.</doc>
<msg timestamp="20211214 12:03:15.362" level="INFO">${TESTCASE_EPOCH_STARTTIME} = 1639501395</msg>
<status status="PASS" starttime="20211214 12:03:15.362" endtime="20211214 12:03:15.362"/>
</kw>
<status status="PASS" starttime="20211214 12:03:15.362" endtime="20211214 12:03:15.363"/>
</kw>
<kw name="Log" library="BuiltIn">
<arg>Verifying the countries api failed response</arg>
<doc>Logs the given message with the given level.</doc>
<msg timestamp="20211214 12:03:15.363" level="INFO">Verifying the countries api failed response</msg>
<status status="PASS" starttime="20211214 12:03:15.363" endtime="20211214 12:03:15.363"/>
</kw>
<kw name="Verify Countries API - failed response" library="Countries">
<doc>Returns the response of the post Request</doc>
<kw name="Create Dictionary" library="BuiltIn">
<var>${headers}</var>
<arg>Content-Type=application/json</arg>
<doc>Creates and returns a dictionary based on the given ``items``.</doc>
<msg timestamp="20211214 12:03:15.364" level="INFO">${headers} = {'Content-Type': 'application/json'}</msg>
<status status="PASS" starttime="20211214 12:03:15.363" endtime="20211214 12:03:15.364"/>
</kw>
<kw name="Create Dictionary" library="BuiltIn">
<var>${body}</var>
<arg>query= query {countrie}</arg>
<doc>Creates and returns a dictionary based on the given ``items``.</doc>
<msg timestamp="20211214 12:03:15.364" level="INFO">${body} = {'query': ' query {countrie}'}</msg>
<status status="PASS" starttime="20211214 12:03:15.364" endtime="20211214 12:03:15.364"/>
</kw>
<kw name="Create Session" library="RequestsLibrary">
<arg>mysession</arg>
<arg>${COUNTRIES_API_URL}</arg>
<arg>${headers}</arg>
<arg>timeout=100</arg>
<arg>verify=true</arg>
<doc>Create Session: create a HTTP session to a server</doc>
<msg timestamp="20211214 12:03:15.364" level="INFO">Creating Session using : alias=mysession, url=https://countries.trevorblades.com/, headers={'Content-Type': 'application/json'},                     cookies={}, auth=None, timeout=100, proxies=None, verify=True,                     debug=0 </msg>
<status status="PASS" starttime="20211214 12:03:15.364" endtime="20211214 12:03:15.365"/>
</kw>
<kw name="Post On Session" library="RequestsLibrary">
<var>${response}</var>
<arg>mysession</arg>
<arg>${COUNTRIES_API_URL}</arg>
<arg>json=${body}</arg>
<arg>expected_status=400</arg>
<doc>Sends a POST request on a previously created HTTP Session.</doc>
<msg timestamp="20211214 12:03:15.453" level="INFO">POST Request : url=https://countries.trevorblades.com/ 
 path_url=/ 
 headers={'User-Agent': 'python-requests/2.25.1', 'Accept-Encoding': 'gzip, deflate', 'Accept': '*/*', 'Connection': 'keep-alive', 'Content-Type': 'application/json', 'Content-Length': '30'} 
 body=b'{"query": " query {countrie}"}' 
 </msg>
<msg timestamp="20211214 12:03:15.453" level="INFO">POST Response : url=https://countries.trevorblades.com/ 
 status=400, reason=Bad Request 
 headers={'access-control-allow-origin': '*', 'content-type': 'application/json; charset=utf-8', 'content-encoding': 'gzip', 'etag': 'W/"cf-nf9vbT9K3qLV1Qe7zhDlf1CVtfE"', 'date': 'Tue, 14 Dec 2021 17:03:15 GMT', 'connection': 'keep-alive', 'keep-alive': 'timeout=5', 'transfer-encoding': 'chunked', 'server': 'Fly/fb1a8b2 (2021-11-25)', 'via': '1.1 fly.io', 'fly-request-id': '01FPWYBXFEP0TQ8NFGM2H1XMVC'} 
 body={"errors":[{"message":"Cannot query field \"countrie\" on type \"Query\". Did you mean \"countries\" or \"country\"?","locations":[{"line":1,"column":9}],"extensions":{"code":"GRAPHQL_VALIDATION_FAILED"}}]}
 
 </msg>
<msg timestamp="20211214 12:03:15.455" level="INFO">${response} = &lt;Response [400]&gt;</msg>
<status status="PASS" starttime="20211214 12:03:15.365" endtime="20211214 12:03:15.455"/>
</kw>
<kw name="Status Should Be" library="RequestsLibrary">
<arg>expected_status=400</arg>
<doc>Fails if response status code is different than the expected.</doc>
<status status="PASS" starttime="20211214 12:03:15.455" endtime="20211214 12:03:15.456"/>
</kw>
<kw name="Log" library="BuiltIn">
<arg>Validate the failed response</arg>
<doc>Logs the given message with the given level.</doc>
<msg timestamp="20211214 12:03:15.456" level="INFO">Validate the failed response</msg>
<status status="PASS" starttime="20211214 12:03:15.456" endtime="20211214 12:03:15.456"/>
</kw>
<kw name="Delete All Sessions" library="RequestsLibrary">
<doc>Removes all the session objects</doc>
<msg timestamp="20211214 12:03:15.457" level="INFO">Deleting All Sessions</msg>
<status status="PASS" starttime="20211214 12:03:15.457" endtime="20211214 12:03:15.457"/>
</kw>
<status status="PASS" starttime="20211214 12:03:15.363" endtime="20211214 12:03:15.457"/>
</kw>
<tag>Country</tag>
<status status="PASS" starttime="20211214 12:03:15.361" endtime="20211214 12:03:15.457"/>
</test>
<kw name="SuiteTeardown API" type="TEARDOWN">
<kw name="SuiteTeardown" library="Common_API_Keywords">
<doc>common teardown for UI and API test suites</doc>
<kw name="Log" library="BuiltIn">
<arg>Close DB connection</arg>
<doc>Logs the given message with the given level.</doc>
<msg timestamp="20211214 12:03:15.460" level="INFO">Close DB connection</msg>
<status status="PASS" starttime="20211214 12:03:15.459" endtime="20211214 12:03:15.460"/>
</kw>
<status status="PASS" starttime="20211214 12:03:15.459" endtime="20211214 12:03:15.460"/>
</kw>
<status status="PASS" starttime="20211214 12:03:15.459" endtime="20211214 12:03:15.460"/>
</kw>
<doc>GraphQL public countries API</doc>
<status status="PASS" starttime="20211214 12:03:14.395" endtime="20211214 12:03:15.460"/>
</suite>
<statistics>
<total>
<stat pass="4" fail="0" skip="0">All Tests</stat>
</total>
<tag>
<stat pass="2" fail="0" skip="0">Countries</stat>
<stat pass="2" fail="0" skip="0">Country</stat>
</tag>
<suite>
<stat pass="4" fail="0" skip="0" id="s1" name="Countries API">Countries API</stat>
</suite>
</statistics>
<errors>
</errors>
</robot>
